{"/Users/zhanglt21/Desktop/accrnew/accr-ui/apps/native-server/src/cli.ts": {"path":"/Users/zhanglt21/Desktop/accrnew/accr-ui/apps/native-server/src/cli.ts","statementMap":{"0":{"start":{"line":3,"column":0},"end":{"line":3,"column":36}},"1":{"start":{"line":4,"column":0},"end":{"line":4,"column":25}},"2":{"start":{"line":5,"column":0},"end":{"line":5,"column":29}},"3":{"start":{"line":6,"column":0},"end":{"line":6,"column":null}},"4":{"start":{"line":12,"column":0},"end":{"line":12,"column":74}},"5":{"start":{"line":16,"column":2},"end":{"line":25,"column":3}},"6":{"start":{"line":17,"column":21},"end":{"line":17,"column":37}},"7":{"start":{"line":18,"column":25},"end":{"line":18,"column":62}},"8":{"start":{"line":20,"column":4},"end":{"line":20,"column":72}},"9":{"start":{"line":21,"column":4},"end":{"line":21,"column":53}},"10":{"start":{"line":22,"column":4},"end":{"line":22,"column":83}},"11":{"start":{"line":24,"column":4},"end":{"line":24,"column":91}},"12":{"start":{"line":28,"column":0},"end":{"line":30,"column":97}},"13":{"start":{"line":33,"column":0},"end":{"line":98,"column":5}},"14":{"start":{"line":39,"column":4},"end":{"line":97,"column":5}},"15":{"start":{"line":41,"column":6},"end":{"line":41,"column":28}},"16":{"start":{"line":44,"column":21},"end":{"line":44,"column":61}},"17":{"start":{"line":46,"column":20},"end":{"line":46,"column":25}},"18":{"start":{"line":47,"column":6},"end":{"line":56,"column":7}},"19":{"start":{"line":48,"column":8},"end":{"line":55,"column":9}},"20":{"start":{"line":49,"column":10},"end":{"line":49,"column":42}},"21":{"start":{"line":51,"column":10},"end":{"line":53,"column":12}},"22":{"start":{"line":54,"column":10},"end":{"line":54,"column":26}},"23":{"start":{"line":58,"column":37},"end":{"line":58,"column":54}},"24":{"start":{"line":61,"column":6},"end":{"line":93,"column":7}},"25":{"start":{"line":62,"column":8},"end":{"line":62,"column":48}},"26":{"start":{"line":63,"column":8},"end":{"line":65,"column":10}},"27":{"start":{"line":66,"column":8},"end":{"line":71,"column":10}},"28":{"start":{"line":74,"column":8},"end":{"line":74,"column":90}},"29":{"start":{"line":75,"column":24},"end":{"line":75,"column":56}},"30":{"start":{"line":77,"column":8},"end":{"line":92,"column":9}},"31":{"start":{"line":78,"column":10},"end":{"line":78,"column":92}},"32":{"start":{"line":79,"column":10},"end":{"line":84,"column":12}},"33":{"start":{"line":86,"column":10},"end":{"line":88,"column":12}},"34":{"start":{"line":89,"column":10},"end":{"line":89,"column":83}},"35":{"start":{"line":90,"column":10},"end":{"line":90,"column":87}},"36":{"start":{"line":91,"column":10},"end":{"line":91,"column":26}},"37":{"start":{"line":95,"column":6},"end":{"line":95,"column":79}},"38":{"start":{"line":96,"column":6},"end":{"line":96,"column":22}},"39":{"start":{"line":101,"column":0},"end":{"line":113,"column":5}},"40":{"start":{"line":105,"column":4},"end":{"line":112,"column":5}},"41":{"start":{"line":106,"column":6},"end":{"line":106,"column":72}},"42":{"start":{"line":107,"column":6},"end":{"line":107,"column":41}},"43":{"start":{"line":108,"column":6},"end":{"line":108,"column":85}},"44":{"start":{"line":110,"column":6},"end":{"line":110,"column":85}},"45":{"start":{"line":111,"column":6},"end":{"line":111,"column":22}},"46":{"start":{"line":115,"column":0},"end":{"line":154,"column":5}},"47":{"start":{"line":119,"column":19},"end":{"line":119,"column":43}},"48":{"start":{"line":121,"column":4},"end":{"line":121,"column":85}},"49":{"start":{"line":122,"column":4},"end":{"line":122,"column":64}},"50":{"start":{"line":123,"column":4},"end":{"line":125,"column":5}},"51":{"start":{"line":124,"column":6},"end":{"line":124,"column":35}},"52":{"start":{"line":127,"column":4},"end":{"line":129,"column":5}},"53":{"start":{"line":128,"column":6},"end":{"line":128,"column":93}},"54":{"start":{"line":131,"column":4},"end":{"line":140,"column":5}},"55":{"start":{"line":132,"column":6},"end":{"line":139,"column":7}},"56":{"start":{"line":133,"column":8},"end":{"line":133,"column":66}},"57":{"start":{"line":135,"column":8},"end":{"line":135,"column":64}},"58":{"start":{"line":136,"column":8},"end":{"line":138,"column":9}},"59":{"start":{"line":137,"column":10},"end":{"line":137,"column":38}},"60":{"start":{"line":142,"column":4},"end":{"line":147,"column":5}},"61":{"start":{"line":143,"column":6},"end":{"line":143,"column":70}},"62":{"start":{"line":144,"column":6},"end":{"line":146,"column":7}},"63":{"start":{"line":145,"column":8},"end":{"line":145,"column":43}},"64":{"start":{"line":149,"column":4},"end":{"line":151,"column":5}},"65":{"start":{"line":150,"column":6},"end":{"line":150,"column":22}},"66":{"start":{"line":153,"column":4},"end":{"line":153,"column":72}},"67":{"start":{"line":157,"column":0},"end":{"line":190,"column":5}},"68":{"start":{"line":161,"column":4},"end":{"line":189,"column":5}},"69":{"start":{"line":162,"column":25},"end":{"line":162,"column":43}},"70":{"start":{"line":163,"column":6},"end":{"line":166,"column":7}},"71":{"start":{"line":164,"column":8},"end":{"line":164,"column":98}},"72":{"start":{"line":165,"column":8},"end":{"line":165,"column":24}},"73":{"start":{"line":168,"column":25},"end":{"line":168,"column":73}},"74":{"start":{"line":170,"column":6},"end":{"line":173,"column":7}},"75":{"start":{"line":171,"column":8},"end":{"line":171,"column":96}},"76":{"start":{"line":172,"column":8},"end":{"line":172,"column":24}},"77":{"start":{"line":175,"column":25},"end":{"line":175,"column":60}},"78":{"start":{"line":176,"column":21},"end":{"line":176,"column":43}},"79":{"start":{"line":178,"column":25},"end":{"line":178,"column":44}},"80":{"start":{"line":179,"column":6},"end":{"line":179,"column":46}},"81":{"start":{"line":180,"column":6},"end":{"line":180,"column":41}},"82":{"start":{"line":182,"column":6},"end":{"line":182,"column":68}},"83":{"start":{"line":184,"column":6},"end":{"line":184,"column":86}},"84":{"start":{"line":185,"column":6},"end":{"line":185,"column":67}},"85":{"start":{"line":187,"column":6},"end":{"line":187,"column":81}},"86":{"start":{"line":188,"column":6},"end":{"line":188,"column":22}},"87":{"start":{"line":192,"column":0},"end":{"line":192,"column":28}},"88":{"start":{"line":195,"column":0},"end":{"line":197,"column":1}},"89":{"start":{"line":196,"column":2},"end":{"line":196,"column":23}}},"fnMap":{"0":{"name":"writeNodePath","decl":{"start":{"line":15,"column":15},"end":{"line":15,"column":28}},"loc":{"start":{"line":15,"column":28},"end":{"line":26,"column":1}}},"1":{"name":"(anonymous_10)","decl":{"start":{"line":38,"column":10},"end":{"line":38,"column":15}},"loc":{"start":{"line":38,"column":28},"end":{"line":98,"column":3}}},"2":{"name":"(anonymous_11)","decl":{"start":{"line":104,"column":10},"end":{"line":104,"column":15}},"loc":{"start":{"line":104,"column":21},"end":{"line":113,"column":3}}},"3":{"name":"(anonymous_12)","decl":{"start":{"line":118,"column":10},"end":{"line":118,"column":13}},"loc":{"start":{"line":118,"column":15},"end":{"line":154,"column":3}}},"4":{"name":"(anonymous_13)","decl":{"start":{"line":160,"column":10},"end":{"line":160,"column":15}},"loc":{"start":{"line":160,"column":33},"end":{"line":190,"column":3}}}},"branchMap":{"0":{"loc":{"start":{"line":44,"column":21},"end":{"line":44,"column":61}},"type":"binary-expr","locations":[{"start":{"line":44,"column":21},"end":{"line":44,"column":35}},{"start":{"line":44,"column":39},"end":{"line":44,"column":61}}]},"1":{"loc":{"start":{"line":47,"column":6},"end":{"line":56,"column":7}},"type":"if","locations":[{"start":{"line":47,"column":6},"end":{"line":56,"column":7}},{"start":{},"end":{}}]},"2":{"loc":{"start":{"line":58,"column":37},"end":{"line":58,"column":54}},"type":"binary-expr","locations":[{"start":{"line":58,"column":37},"end":{"line":58,"column":43}},{"start":{"line":58,"column":47},"end":{"line":58,"column":54}}]},"3":{"loc":{"start":{"line":61,"column":6},"end":{"line":93,"column":7}},"type":"if","locations":[{"start":{"line":61,"column":6},"end":{"line":93,"column":7}},{"start":{"line":72,"column":13},"end":{"line":93,"column":7}}]},"4":{"loc":{"start":{"line":61,"column":10},"end":{"line":61,"column":50}},"type":"binary-expr","locations":[{"start":{"line":61,"column":10},"end":{"line":61,"column":24}},{"start":{"line":61,"column":28},"end":{"line":61,"column":50}}]},"5":{"loc":{"start":{"line":77,"column":8},"end":{"line":92,"column":9}},"type":"if","locations":[{"start":{"line":77,"column":8},"end":{"line":92,"column":9}},{"start":{"line":85,"column":15},"end":{"line":92,"column":9}}]},"6":{"loc":{"start":{"line":127,"column":4},"end":{"line":129,"column":5}},"type":"if","locations":[{"start":{"line":127,"column":4},"end":{"line":129,"column":5}},{"start":{},"end":{}}]},"7":{"loc":{"start":{"line":132,"column":6},"end":{"line":139,"column":7}},"type":"if","locations":[{"start":{"line":132,"column":6},"end":{"line":139,"column":7}},{"start":{"line":134,"column":13},"end":{"line":139,"column":7}}]},"8":{"loc":{"start":{"line":142,"column":4},"end":{"line":147,"column":5}},"type":"if","locations":[{"start":{"line":142,"column":4},"end":{"line":147,"column":5}},{"start":{},"end":{}}]},"9":{"loc":{"start":{"line":149,"column":4},"end":{"line":151,"column":5}},"type":"if","locations":[{"start":{"line":149,"column":4},"end":{"line":151,"column":5}},{"start":{},"end":{}}]},"10":{"loc":{"start":{"line":163,"column":6},"end":{"line":166,"column":7}},"type":"if","locations":[{"start":{"line":163,"column":6},"end":{"line":166,"column":7}},{"start":{},"end":{}}]},"11":{"loc":{"start":{"line":163,"column":10},"end":{"line":163,"column":67}},"type":"binary-expr","locations":[{"start":{"line":163,"column":10},"end":{"line":163,"column":27}},{"start":{"line":163,"column":31},"end":{"line":163,"column":45}},{"start":{"line":163,"column":49},"end":{"line":163,"column":67}}]},"12":{"loc":{"start":{"line":170,"column":6},"end":{"line":173,"column":7}},"type":"if","locations":[{"start":{"line":170,"column":6},"end":{"line":173,"column":7}},{"start":{},"end":{}}]},"13":{"loc":{"start":{"line":195,"column":0},"end":{"line":197,"column":1}},"type":"if","locations":[{"start":{"line":195,"column":0},"end":{"line":197,"column":1}},{"start":{},"end":{}}]}},"s":{"0":0,"1":0,"2":0,"3":0,"4":0,"5":0,"6":0,"7":0,"8":0,"9":0,"10":0,"11":0,"12":0,"13":0,"14":0,"15":0,"16":0,"17":0,"18":0,"19":0,"20":0,"21":0,"22":0,"23":0,"24":0,"25":0,"26":0,"27":0,"28":0,"29":0,"30":0,"31":0,"32":0,"33":0,"34":0,"35":0,"36":0,"37":0,"38":0,"39":0,"40":0,"41":0,"42":0,"43":0,"44":0,"45":0,"46":0,"47":0,"48":0,"49":0,"50":0,"51":0,"52":0,"53":0,"54":0,"55":0,"56":0,"57":0,"58":0,"59":0,"60":0,"61":0,"62":0,"63":0,"64":0,"65":0,"66":0,"67":0,"68":0,"69":0,"70":0,"71":0,"72":0,"73":0,"74":0,"75":0,"76":0,"77":0,"78":0,"79":0,"80":0,"81":0,"82":0,"83":0,"84":0,"85":0,"86":0,"87":0,"88":0,"89":0},"f":{"0":0,"1":0,"2":0,"3":0,"4":0},"b":{"0":[0,0],"1":[0,0],"2":[0,0],"3":[0,0],"4":[0,0],"5":[0,0],"6":[0,0],"7":[0,0],"8":[0,0],"9":[0,0],"10":[0,0],"11":[0,0,0],"12":[0,0],"13":[0,0]}}
,"/Users/zhanglt21/Desktop/accrnew/accr-ui/apps/native-server/src/index.ts": {"path":"/Users/zhanglt21/Desktop/accrnew/accr-ui/apps/native-server/src/index.ts","statementMap":{"0":{"start":{"line":4,"column":0},"end":{"line":4,"column":66}},"1":{"start":{"line":5,"column":0},"end":{"line":5,"column":38}},"2":{"start":{"line":6,"column":0},"end":{"line":6,"column":39}},"3":{"start":{"line":20,"column":0},"end":{"line":29,"column":1}},"4":{"start":{"line":21,"column":2},"end":{"line":21,"column":43}},"5":{"start":{"line":22,"column":2},"end":{"line":22,"column":60}},"6":{"start":{"line":23,"column":2},"end":{"line":23,"column":56}},"7":{"start":{"line":24,"column":2},"end":{"line":24,"column":38}},"8":{"start":{"line":25,"column":2},"end":{"line":25,"column":52}},"9":{"start":{"line":27,"column":2},"end":{"line":27,"column":99}},"10":{"start":{"line":28,"column":2},"end":{"line":28,"column":18}},"11":{"start":{"line":31,"column":0},"end":{"line":34,"column":3}},"12":{"start":{"line":32,"column":2},"end":{"line":32,"column":50}},"13":{"start":{"line":33,"column":2},"end":{"line":33,"column":18}},"14":{"start":{"line":37,"column":0},"end":{"line":40,"column":3}},"15":{"start":{"line":38,"column":2},"end":{"line":38,"column":59}},"16":{"start":{"line":39,"column":2},"end":{"line":39,"column":18}},"17":{"start":{"line":42,"column":0},"end":{"line":45,"column":3}},"18":{"start":{"line":43,"column":2},"end":{"line":43,"column":60}},"19":{"start":{"line":44,"column":2},"end":{"line":44,"column":18}},"20":{"start":{"line":47,"column":0},"end":{"line":49,"column":3}},"21":{"start":{"line":48,"column":2},"end":{"line":48,"column":52}},"22":{"start":{"line":51,"column":0},"end":{"line":54,"column":3}},"23":{"start":{"line":52,"column":2},"end":{"line":52,"column":78}},"24":{"start":{"line":53,"column":2},"end":{"line":53,"column":18}},"25":{"start":{"line":56,"column":0},"end":{"line":59,"column":3}},"26":{"start":{"line":57,"column":2},"end":{"line":57,"column":100}}},"fnMap":{"0":{"name":"(anonymous_1)","decl":{"start":{"line":31,"column":20},"end":{"line":31,"column":21}},"loc":{"start":{"line":31,"column":30},"end":{"line":34,"column":1}}},"1":{"name":"(anonymous_2)","decl":{"start":{"line":37,"column":21},"end":{"line":37,"column":24}},"loc":{"start":{"line":37,"column":26},"end":{"line":40,"column":1}}},"2":{"name":"(anonymous_3)","decl":{"start":{"line":42,"column":22},"end":{"line":42,"column":25}},"loc":{"start":{"line":42,"column":27},"end":{"line":45,"column":1}}},"3":{"name":"(anonymous_4)","decl":{"start":{"line":47,"column":19},"end":{"line":47,"column":20}},"loc":{"start":{"line":47,"column":28},"end":{"line":49,"column":1}}},"4":{"name":"(anonymous_5)","decl":{"start":{"line":51,"column":32},"end":{"line":51,"column":33}},"loc":{"start":{"line":51,"column":42},"end":{"line":54,"column":1}}},"5":{"name":"(anonymous_6)","decl":{"start":{"line":56,"column":33},"end":{"line":56,"column":34}},"loc":{"start":{"line":56,"column":44},"end":{"line":59,"column":1}}}},"branchMap":{"0":{"loc":{"start":{"line":27,"column":41},"end":{"line":27,"column":95}},"type":"cond-expr","locations":[{"start":{"line":27,"column":66},"end":{"line":27,"column":79}},{"start":{"line":27,"column":82},"end":{"line":27,"column":95}}]},"1":{"loc":{"start":{"line":57,"column":39},"end":{"line":57,"column":96}},"type":"cond-expr","locations":[{"start":{"line":57,"column":65},"end":{"line":57,"column":79}},{"start":{"line":57,"column":82},"end":{"line":57,"column":96}}]}},"s":{"0":0,"1":0,"2":0,"3":0,"4":0,"5":0,"6":0,"7":0,"8":0,"9":0,"10":0,"11":0,"12":0,"13":0,"14":0,"15":0,"16":0,"17":0,"18":0,"19":0,"20":0,"21":0,"22":0,"23":0,"24":0,"25":0,"26":0},"f":{"0":0,"1":0,"2":0,"3":0,"4":0,"5":0},"b":{"0":[0,0],"1":[0,0]}}
,"/Users/zhanglt21/Desktop/accrnew/accr-ui/apps/native-server/src/native-messaging-host.ts": {"path":"/Users/zhanglt21/Desktop/accrnew/accr-ui/apps/native-server/src/native-messaging-host.ts","statementMap":{"0":{"start":{"line":2,"column":0},"end":{"line":2,"column":40}},"1":{"start":{"line":3,"column":0},"end":{"line":3,"column":36}},"2":{"start":{"line":4,"column":0},"end":{"line":4,"column":57}},"3":{"start":{"line":6,"column":0},"end":{"line":6,"column":39}},"4":{"start":{"line":17,"column":10},"end":{"line":17,"column":49}},"5":{"start":{"line":18,"column":10},"end":{"line":18,"column":67}},"6":{"start":{"line":19,"column":10},"end":{"line":19,"column":67}},"7":{"start":{"line":23,"column":4},"end":{"line":23,"column":83}},"8":{"start":{"line":24,"column":4},"end":{"line":24,"column":81}},"9":{"start":{"line":25,"column":4},"end":{"line":25,"column":80}},"10":{"start":{"line":26,"column":4},"end":{"line":29,"column":6}},"11":{"start":{"line":33,"column":4},"end":{"line":33,"column":43}},"12":{"start":{"line":37,"column":4},"end":{"line":41,"column":5}},"13":{"start":{"line":38,"column":6},"end":{"line":38,"column":34}},"14":{"start":{"line":40,"column":6},"end":{"line":40,"column":22}},"15":{"start":{"line":45,"column":17},"end":{"line":45,"column":32}},"16":{"start":{"line":46,"column":25},"end":{"line":46,"column":27}},"17":{"start":{"line":48,"column":4},"end":{"line":48,"column":19}},"18":{"start":{"line":50,"column":4},"end":{"line":75,"column":7}},"19":{"start":{"line":54,"column":6},"end":{"line":74,"column":7}},"20":{"start":{"line":55,"column":8},"end":{"line":55,"column":48}},"21":{"start":{"line":57,"column":8},"end":{"line":60,"column":9}},"22":{"start":{"line":58,"column":10},"end":{"line":58,"column":50}},"23":{"start":{"line":59,"column":10},"end":{"line":59,"column":35}},"24":{"start":{"line":62,"column":8},"end":{"line":73,"column":9}},"25":{"start":{"line":63,"column":32},"end":{"line":63,"column":63}},"26":{"start":{"line":64,"column":10},"end":{"line":64,"column":48}},"27":{"start":{"line":66,"column":10},"end":{"line":71,"column":11}},"28":{"start":{"line":67,"column":28},"end":{"line":67,"column":64}},"29":{"start":{"line":68,"column":12},"end":{"line":68,"column":40}},"30":{"start":{"line":70,"column":12},"end":{"line":70,"column":83}},"31":{"start":{"line":72,"column":10},"end":{"line":72,"column":30}},"32":{"start":{"line":77,"column":4},"end":{"line":80,"column":7}},"33":{"start":{"line":78,"column":6},"end":{"line":78,"column":68}},"34":{"start":{"line":79,"column":6},"end":{"line":79,"column":32}},"35":{"start":{"line":82,"column":4},"end":{"line":85,"column":7}},"36":{"start":{"line":83,"column":6},"end":{"line":83,"column":69}},"37":{"start":{"line":84,"column":6},"end":{"line":84,"column":34}},"38":{"start":{"line":89,"column":4},"end":{"line":92,"column":5}},"39":{"start":{"line":90,"column":6},"end":{"line":90,"column":47}},"40":{"start":{"line":91,"column":6},"end":{"line":91,"column":13}},"41":{"start":{"line":94,"column":16},"end":{"line":94,"column":null}},"42":{"start":{"line":101,"column":4},"end":{"line":115,"column":5}},"43":{"start":{"line":102,"column":24},"end":{"line":102,"column":47}},"44":{"start":{"line":103,"column":22},"end":{"line":103,"column":57}},"45":{"start":{"line":105,"column":6},"end":{"line":113,"column":7}},"46":{"start":{"line":106,"column":8},"end":{"line":106,"column":40}},"47":{"start":{"line":107,"column":8},"end":{"line":111,"column":9}},"48":{"start":{"line":108,"column":10},"end":{"line":108,"column":47}},"49":{"start":{"line":110,"column":10},"end":{"line":110,"column":39}},"50":{"start":{"line":112,"column":8},"end":{"line":112,"column":47}},"51":{"start":{"line":114,"column":6},"end":{"line":114,"column":13}},"52":{"start":{"line":118,"column":4},"end":{"line":129,"column":5}},"53":{"start":{"line":119,"column":22},"end":{"line":119,"column":62}},"54":{"start":{"line":120,"column":6},"end":{"line":126,"column":7}},"55":{"start":{"line":121,"column":8},"end":{"line":121,"column":31}},"56":{"start":{"line":122,"column":13},"end":{"line":126,"column":7}},"57":{"start":{"line":123,"column":8},"end":{"line":123,"column":60}},"58":{"start":{"line":125,"column":8},"end":{"line":125,"column":51}},"59":{"start":{"line":128,"column":6},"end":{"line":128,"column":78}},"60":{"start":{"line":133,"column":16},"end":{"line":133,"column":58}},"61":{"start":{"line":134,"column":4},"end":{"line":134,"column":54}},"62":{"start":{"line":138,"column":4},"end":{"line":138,"column":28}},"63":{"start":{"line":142,"column":4},"end":{"line":142,"column":52}},"64":{"start":{"line":146,"column":4},"end":{"line":146,"column":89}},"65":{"start":{"line":147,"column":4},"end":{"line":181,"column":5}},"66":{"start":{"line":148,"column":18},"end":{"line":148,"column":61}},"67":{"start":{"line":149,"column":6},"end":{"line":152,"column":9}},"68":{"start":{"line":154,"column":6},"end":{"line":167,"column":7}},"69":{"start":{"line":155,"column":22},"end":{"line":155,"column":49}},"70":{"start":{"line":169,"column":27},"end":{"line":169,"column":92}},"71":{"start":{"line":170,"column":6},"end":{"line":172,"column":8}},"72":{"start":{"line":173,"column":6},"end":{"line":180,"column":9}},"73":{"start":{"line":189,"column":4},"end":{"line":204,"column":7}},"74":{"start":{"line":190,"column":24},"end":{"line":190,"column":32}},"75":{"start":{"line":192,"column":24},"end":{"line":195,"column":19}},"76":{"start":{"line":193,"column":8},"end":{"line":193,"column":47}},"77":{"start":{"line":194,"column":8},"end":{"line":194,"column":68}},"78":{"start":{"line":197,"column":6},"end":{"line":197,"column":74}},"79":{"start":{"line":199,"column":6},"end":{"line":203,"column":9}},"80":{"start":{"line":208,"column":4},"end":{"line":211,"column":5}},"81":{"start":{"line":209,"column":6},"end":{"line":209,"column":64}},"82":{"start":{"line":210,"column":6},"end":{"line":210,"column":13}},"83":{"start":{"line":212,"column":4},"end":{"line":218,"column":5}},"84":{"start":{"line":213,"column":6},"end":{"line":216,"column":9}},"85":{"start":{"line":217,"column":6},"end":{"line":217,"column":13}},"86":{"start":{"line":220,"column":4},"end":{"line":220,"column":50}},"87":{"start":{"line":222,"column":4},"end":{"line":225,"column":7}},"88":{"start":{"line":229,"column":4},"end":{"line":232,"column":5}},"89":{"start":{"line":230,"column":6},"end":{"line":230,"column":64}},"90":{"start":{"line":231,"column":6},"end":{"line":231,"column":13}},"91":{"start":{"line":233,"column":4},"end":{"line":239,"column":5}},"92":{"start":{"line":234,"column":6},"end":{"line":237,"column":9}},"93":{"start":{"line":238,"column":6},"end":{"line":238,"column":13}},"94":{"start":{"line":241,"column":4},"end":{"line":241,"column":39}},"95":{"start":{"line":243,"column":4},"end":{"line":243,"column":65}},"96":{"start":{"line":247,"column":4},"end":{"line":257,"column":5}},"97":{"start":{"line":248,"column":28},"end":{"line":248,"column":51}},"98":{"start":{"line":249,"column":28},"end":{"line":249,"column":54}},"99":{"start":{"line":250,"column":27},"end":{"line":250,"column":42}},"100":{"start":{"line":251,"column":6},"end":{"line":251,"column":58}},"101":{"start":{"line":252,"column":6},"end":{"line":252,"column":65}},"102":{"start":{"line":254,"column":6},"end":{"line":256,"column":8}},"103":{"start":{"line":261,"column":4},"end":{"line":264,"column":7}},"104":{"start":{"line":268,"column":4},"end":{"line":268,"column":61}},"105":{"start":{"line":269,"column":4},"end":{"line":272,"column":7}},"106":{"start":{"line":270,"column":6},"end":{"line":270,"column":38}},"107":{"start":{"line":271,"column":6},"end":{"line":271,"column":81}},"108":{"start":{"line":273,"column":4},"end":{"line":273,"column":33}},"109":{"start":{"line":275,"column":4},"end":{"line":291,"column":5}},"110":{"start":{"line":276,"column":6},"end":{"line":287,"column":11}},"111":{"start":{"line":279,"column":10},"end":{"line":279,"column":87}},"112":{"start":{"line":280,"column":10},"end":{"line":280,"column":26}},"113":{"start":{"line":283,"column":10},"end":{"line":285,"column":12}},"114":{"start":{"line":286,"column":10},"end":{"line":286,"column":26}},"115":{"start":{"line":289,"column":6},"end":{"line":289,"column":86}},"116":{"start":{"line":290,"column":6},"end":{"line":290,"column":22}},"117":{"start":{"line":296,"column":4},"end":{"line":296,"column":44}},"118":{"start":{"line":16,"column":0},"end":{"line":16,"column":13}},"119":{"start":{"line":300,"column":36},"end":{"line":300,"column":61}},"120":{"start":{"line":301,"column":0},"end":{"line":301,"column":43}}},"fnMap":{"0":{"name":"(anonymous_0)","decl":{"start":{"line":21,"column":2},"end":{"line":21,"column":null}},"loc":{"start":{"line":21,"column":2},"end":{"line":30,"column":3}}},"1":{"name":"(anonymous_1)","decl":{"start":{"line":32,"column":9},"end":{"line":32,"column":18}},"loc":{"start":{"line":32,"column":41},"end":{"line":34,"column":3}}},"2":{"name":"(anonymous_2)","decl":{"start":{"line":36,"column":9},"end":{"line":36,"column":14}},"loc":{"start":{"line":36,"column":14},"end":{"line":42,"column":3}}},"3":{"name":"(anonymous_3)","decl":{"start":{"line":44,"column":10},"end":{"line":44,"column":30}},"loc":{"start":{"line":44,"column":30},"end":{"line":86,"column":3}}},"4":{"name":"(anonymous_4)","decl":{"start":{"line":50,"column":25},"end":{"line":50,"column":28}},"loc":{"start":{"line":50,"column":30},"end":{"line":75,"column":5}}},"5":{"name":"(anonymous_5)","decl":{"start":{"line":77,"column":20},"end":{"line":77,"column":23}},"loc":{"start":{"line":77,"column":25},"end":{"line":80,"column":5}}},"6":{"name":"(anonymous_6)","decl":{"start":{"line":82,"column":22},"end":{"line":82,"column":23}},"loc":{"start":{"line":82,"column":32},"end":{"line":85,"column":5}}},"7":{"name":"(anonymous_7)","decl":{"start":{"line":88,"column":10},"end":{"line":88,"column":15}},"loc":{"start":{"line":88,"column":46},"end":{"line":130,"column":3}}},"8":{"name":"(anonymous_8)","decl":{"start":{"line":132,"column":10},"end":{"line":132,"column":15}},"loc":{"start":{"line":132,"column":44},"end":{"line":135,"column":3}}},"9":{"name":"(anonymous_9)","decl":{"start":{"line":137,"column":10},"end":{"line":137,"column":15}},"loc":{"start":{"line":137,"column":26},"end":{"line":139,"column":3}}},"10":{"name":"(anonymous_10)","decl":{"start":{"line":141,"column":10},"end":{"line":141,"column":20}},"loc":{"start":{"line":141,"column":20},"end":{"line":143,"column":3}}},"11":{"name":"(anonymous_11)","decl":{"start":{"line":145,"column":10},"end":{"line":145,"column":15}},"loc":{"start":{"line":145,"column":54},"end":{"line":182,"column":3}}},"12":{"name":"(anonymous_12)","decl":{"start":{"line":184,"column":9},"end":{"line":184,"column":38}},"loc":{"start":{"line":187,"column":56},"end":{"line":205,"column":3}}},"13":{"name":"(anonymous_13)","decl":{"start":{"line":189,"column":23},"end":{"line":189,"column":24}},"loc":{"start":{"line":189,"column":43},"end":{"line":204,"column":5}}},"14":{"name":"(anonymous_14)","decl":{"start":{"line":192,"column":35},"end":{"line":192,"column":38}},"loc":{"start":{"line":192,"column":40},"end":{"line":195,"column":7}}},"15":{"name":"(anonymous_15)","decl":{"start":{"line":207,"column":10},"end":{"line":207,"column":15}},"loc":{"start":{"line":207,"column":40},"end":{"line":226,"column":3}}},"16":{"name":"(anonymous_16)","decl":{"start":{"line":228,"column":10},"end":{"line":228,"column":15}},"loc":{"start":{"line":228,"column":26},"end":{"line":244,"column":3}}},"17":{"name":"(anonymous_17)","decl":{"start":{"line":246,"column":9},"end":{"line":246,"column":20}},"loc":{"start":{"line":246,"column":37},"end":{"line":258,"column":3}}},"18":{"name":"(anonymous_18)","decl":{"start":{"line":260,"column":10},"end":{"line":260,"column":19}},"loc":{"start":{"line":260,"column":40},"end":{"line":265,"column":3}}},"19":{"name":"(anonymous_19)","decl":{"start":{"line":267,"column":10},"end":{"line":267,"column":17}},"loc":{"start":{"line":267,"column":32},"end":{"line":292,"column":3}}},"20":{"name":"(anonymous_20)","decl":{"start":{"line":269,"column":33},"end":{"line":269,"column":34}},"loc":{"start":{"line":269,"column":45},"end":{"line":272,"column":5}}},"21":{"name":"(anonymous_21)","decl":{"start":{"line":278,"column":14},"end":{"line":278,"column":17}},"loc":{"start":{"line":278,"column":19},"end":{"line":281,"column":9}}},"22":{"name":"(anonymous_22)","decl":{"start":{"line":282,"column":15},"end":{"line":282,"column":16}},"loc":{"start":{"line":282,"column":25},"end":{"line":287,"column":9}}},"23":{"name":"(anonymous_23)","decl":{"start":{"line":295,"column":9},"end":{"line":295,"column":26}},"loc":{"start":{"line":295,"column":64},"end":{"line":297,"column":3}}}},"branchMap":{"0":{"loc":{"start":{"line":57,"column":8},"end":{"line":60,"column":9}},"type":"if","locations":[{"start":{"line":57,"column":8},"end":{"line":60,"column":9}},{"start":{},"end":{}}]},"1":{"loc":{"start":{"line":57,"column":12},"end":{"line":57,"column":55}},"type":"binary-expr","locations":[{"start":{"line":57,"column":12},"end":{"line":57,"column":33}},{"start":{"line":57,"column":37},"end":{"line":57,"column":55}}]},"2":{"loc":{"start":{"line":62,"column":8},"end":{"line":73,"column":9}},"type":"if","locations":[{"start":{"line":62,"column":8},"end":{"line":73,"column":9}},{"start":{},"end":{}}]},"3":{"loc":{"start":{"line":62,"column":12},"end":{"line":62,"column":68}},"type":"binary-expr","locations":[{"start":{"line":62,"column":12},"end":{"line":62,"column":33}},{"start":{"line":62,"column":37},"end":{"line":62,"column":68}}]},"4":{"loc":{"start":{"line":89,"column":4},"end":{"line":92,"column":5}},"type":"if","locations":[{"start":{"line":89,"column":4},"end":{"line":92,"column":5}},{"start":{},"end":{}}]},"5":{"loc":{"start":{"line":89,"column":8},"end":{"line":89,"column":47}},"type":"binary-expr","locations":[{"start":{"line":89,"column":8},"end":{"line":89,"column":16}},{"start":{"line":89,"column":20},"end":{"line":89,"column":47}}]},"6":{"loc":{"start":{"line":101,"column":4},"end":{"line":115,"column":5}},"type":"if","locations":[{"start":{"line":101,"column":4},"end":{"line":115,"column":5}},{"start":{},"end":{}}]},"7":{"loc":{"start":{"line":105,"column":6},"end":{"line":113,"column":7}},"type":"if","locations":[{"start":{"line":105,"column":6},"end":{"line":113,"column":7}},{"start":{},"end":{}}]},"8":{"loc":{"start":{"line":107,"column":8},"end":{"line":111,"column":9}},"type":"if","locations":[{"start":{"line":107,"column":8},"end":{"line":111,"column":9}},{"start":{"line":109,"column":15},"end":{"line":111,"column":9}}]},"9":{"loc":{"start":{"line":119,"column":47},"end":{"line":119,"column":61}},"type":"cond-expr","locations":[{"start":{"line":119,"column":55},"end":{"line":119,"column":59}},{"start":{"line":119,"column":59},"end":{"line":119,"column":61}}]},"10":{"loc":{"start":{"line":119,"column":47},"end":{"line":119,"column":59}},"type":"binary-expr","locations":[{"start":{"line":119,"column":47},"end":{"line":119,"column":59}},{"start":{"line":119,"column":55},"end":{"line":119,"column":59}}]},"11":{"loc":{"start":{"line":120,"column":6},"end":{"line":126,"column":7}},"type":"if","locations":[{"start":{"line":120,"column":6},"end":{"line":126,"column":7}},{"start":{"line":122,"column":13},"end":{"line":126,"column":7}}]},"12":{"loc":{"start":{"line":122,"column":13},"end":{"line":126,"column":7}},"type":"if","locations":[{"start":{"line":122,"column":13},"end":{"line":126,"column":7}},{"start":{"line":124,"column":13},"end":{"line":126,"column":7}}]},"13":{"loc":{"start":{"line":134,"column":27},"end":{"line":134,"column":52}},"type":"cond-expr","locations":[{"start":{"line":134,"column":44},"end":{"line":134,"column":48}},{"start":{"line":134,"column":48},"end":{"line":134,"column":52}}]},"14":{"loc":{"start":{"line":134,"column":27},"end":{"line":134,"column":48}},"type":"binary-expr","locations":[{"start":{"line":134,"column":27},"end":{"line":134,"column":48}},{"start":{"line":134,"column":44},"end":{"line":134,"column":48}}]},"15":{"loc":{"start":{"line":134,"column":27},"end":{"line":134,"column":44}},"type":"cond-expr","locations":[{"start":{"line":134,"column":38},"end":{"line":134,"column":40}},{"start":{"line":134,"column":38},"end":{"line":134,"column":44}}]},"16":{"loc":{"start":{"line":134,"column":27},"end":{"line":134,"column":40}},"type":"binary-expr","locations":[{"start":{"line":134,"column":27},"end":{"line":134,"column":40}},{"start":{"line":134,"column":38},"end":{"line":134,"column":40}}]},"17":{"loc":{"start":{"line":151,"column":26},"end":{"line":151,"column":44}},"type":"cond-expr","locations":[{"start":{"line":151,"column":37},"end":{"line":151,"column":39}},{"start":{"line":151,"column":37},"end":{"line":151,"column":44}}]},"18":{"loc":{"start":{"line":151,"column":26},"end":{"line":151,"column":39}},"type":"binary-expr","locations":[{"start":{"line":151,"column":26},"end":{"line":151,"column":39}},{"start":{"line":151,"column":37},"end":{"line":151,"column":39}}]},"19":{"loc":{"start":{"line":154,"column":6},"end":{"line":167,"column":7}},"type":"if","locations":[{"start":{"line":154,"column":6},"end":{"line":167,"column":7}},{"start":{},"end":{}}]},"20":{"loc":{"start":{"line":154,"column":10},"end":{"line":154,"column":63}},"type":"binary-expr","locations":[{"start":{"line":154,"column":10},"end":{"line":154,"column":31}},{"start":{"line":154,"column":35},"end":{"line":154,"column":61}}]},"21":{"loc":{"start":{"line":154,"column":35},"end":{"line":154,"column":61}},"type":"cond-expr","locations":[{"start":{"line":154,"column":53},"end":{"line":154,"column":55}},{"start":{"line":154,"column":53},"end":{"line":154,"column":61}}]},"22":{"loc":{"start":{"line":154,"column":35},"end":{"line":154,"column":55}},"type":"binary-expr","locations":[{"start":{"line":154,"column":35},"end":{"line":154,"column":55}},{"start":{"line":154,"column":53},"end":{"line":154,"column":55}}]},"23":{"loc":{"start":{"line":154,"column":35},"end":{"line":154,"column":53}},"type":"cond-expr","locations":[{"start":{"line":154,"column":46},"end":{"line":154,"column":48}},{"start":{"line":154,"column":46},"end":{"line":154,"column":53}}]},"24":{"loc":{"start":{"line":154,"column":35},"end":{"line":154,"column":48}},"type":"binary-expr","locations":[{"start":{"line":154,"column":35},"end":{"line":154,"column":48}},{"start":{"line":154,"column":46},"end":{"line":154,"column":48}}]},"25":{"loc":{"start":{"line":169,"column":27},"end":{"line":169,"column":92}},"type":"cond-expr","locations":[{"start":{"line":169,"column":52},"end":{"line":169,"column":65}},{"start":{"line":169,"column":68},"end":{"line":169,"column":92}}]},"26":{"loc":{"start":{"line":171,"column":39},"end":{"line":171,"column":108}},"type":"cond-expr","locations":[{"start":{"line":171,"column":64},"end":{"line":171,"column":92}},{"start":{"line":171,"column":95},"end":{"line":171,"column":108}}]},"27":{"loc":{"start":{"line":171,"column":64},"end":{"line":171,"column":92}},"type":"binary-expr","locations":[{"start":{"line":171,"column":64},"end":{"line":171,"column":75}},{"start":{"line":171,"column":79},"end":{"line":171,"column":92}}]},"28":{"loc":{"start":{"line":186,"column":4},"end":{"line":186,"column":32}},"type":"default-arg","locations":[{"start":{"line":186,"column":18},"end":{"line":186,"column":32}}]},"29":{"loc":{"start":{"line":187,"column":4},"end":{"line":187,"column":56}},"type":"default-arg","locations":[{"start":{"line":187,"column":24},"end":{"line":187,"column":56}}]},"30":{"loc":{"start":{"line":208,"column":4},"end":{"line":211,"column":5}},"type":"if","locations":[{"start":{"line":208,"column":4},"end":{"line":211,"column":5}},{"start":{},"end":{}}]},"31":{"loc":{"start":{"line":212,"column":4},"end":{"line":218,"column":5}},"type":"if","locations":[{"start":{"line":212,"column":4},"end":{"line":218,"column":5}},{"start":{},"end":{}}]},"32":{"loc":{"start":{"line":229,"column":4},"end":{"line":232,"column":5}},"type":"if","locations":[{"start":{"line":229,"column":4},"end":{"line":232,"column":5}},{"start":{},"end":{}}]},"33":{"loc":{"start":{"line":233,"column":4},"end":{"line":239,"column":5}},"type":"if","locations":[{"start":{"line":233,"column":4},"end":{"line":239,"column":5}},{"start":{},"end":{}}]},"34":{"loc":{"start":{"line":255,"column":42},"end":{"line":255,"column":111}},"type":"cond-expr","locations":[{"start":{"line":255,"column":67},"end":{"line":255,"column":95}},{"start":{"line":255,"column":98},"end":{"line":255,"column":111}}]},"35":{"loc":{"start":{"line":255,"column":67},"end":{"line":255,"column":95}},"type":"binary-expr","locations":[{"start":{"line":255,"column":67},"end":{"line":255,"column":78}},{"start":{"line":255,"column":82},"end":{"line":255,"column":95}}]},"36":{"loc":{"start":{"line":275,"column":4},"end":{"line":291,"column":5}},"type":"if","locations":[{"start":{"line":275,"column":4},"end":{"line":291,"column":5}},{"start":{"line":288,"column":11},"end":{"line":291,"column":5}}]},"37":{"loc":{"start":{"line":275,"column":8},"end":{"line":275,"column":40}},"type":"cond-expr","locations":[{"start":{"line":275,"column":29},"end":{"line":275,"column":31}},{"start":{"line":275,"column":29},"end":{"line":275,"column":40}}]},"38":{"loc":{"start":{"line":275,"column":8},"end":{"line":275,"column":31}},"type":"binary-expr","locations":[{"start":{"line":275,"column":8},"end":{"line":275,"column":31}},{"start":{"line":275,"column":29},"end":{"line":275,"column":31}}]},"39":{"loc":{"start":{"line":284,"column":64},"end":{"line":284,"column":133}},"type":"cond-expr","locations":[{"start":{"line":284,"column":89},"end":{"line":284,"column":117}},{"start":{"line":284,"column":120},"end":{"line":284,"column":133}}]},"40":{"loc":{"start":{"line":284,"column":89},"end":{"line":284,"column":117}},"type":"binary-expr","locations":[{"start":{"line":284,"column":89},"end":{"line":284,"column":100}},{"start":{"line":284,"column":104},"end":{"line":284,"column":117}}]}},"s":{"0":0,"1":0,"2":0,"3":0,"4":0,"5":0,"6":0,"7":0,"8":0,"9":0,"10":0,"11":0,"12":0,"13":0,"14":0,"15":0,"16":0,"17":0,"18":0,"19":0,"20":0,"21":0,"22":0,"23":0,"24":0,"25":0,"26":0,"27":0,"28":0,"29":0,"30":0,"31":0,"32":0,"33":0,"34":0,"35":0,"36":0,"37":0,"38":0,"39":0,"40":0,"41":0,"42":0,"43":0,"44":0,"45":0,"46":0,"47":0,"48":0,"49":0,"50":0,"51":0,"52":0,"53":0,"54":0,"55":0,"56":0,"57":0,"58":0,"59":0,"60":0,"61":0,"62":0,"63":0,"64":0,"65":0,"66":0,"67":0,"68":0,"69":0,"70":0,"71":0,"72":0,"73":0,"74":0,"75":0,"76":0,"77":0,"78":0,"79":0,"80":0,"81":0,"82":0,"83":0,"84":0,"85":0,"86":0,"87":0,"88":0,"89":0,"90":0,"91":0,"92":0,"93":0,"94":0,"95":0,"96":0,"97":0,"98":0,"99":0,"100":0,"101":0,"102":0,"103":0,"104":0,"105":0,"106":0,"107":0,"108":0,"109":0,"110":0,"111":0,"112":0,"113":0,"114":0,"115":0,"116":0,"117":0,"118":0,"119":0,"120":0},"f":{"0":0,"1":0,"2":0,"3":0,"4":0,"5":0,"6":0,"7":0,"8":0,"9":0,"10":0,"11":0,"12":0,"13":0,"14":0,"15":0,"16":0,"17":0,"18":0,"19":0,"20":0,"21":0,"22":0,"23":0},"b":{"0":[0,0],"1":[0,0],"2":[0,0],"3":[0,0],"4":[0,0],"5":[0,0],"6":[0,0],"7":[0,0],"8":[0,0],"9":[0,0],"10":[0,0],"11":[0,0],"12":[0,0],"13":[0,0],"14":[0,0],"15":[0,0],"16":[0,0],"17":[0,0],"18":[0,0],"19":[0,0],"20":[0,0],"21":[0,0],"22":[0,0],"23":[0,0],"24":[0,0],"25":[0,0],"26":[0,0],"27":[0,0],"28":[0],"29":[0],"30":[0,0],"31":[0,0],"32":[0,0],"33":[0,0],"34":[0,0],"35":[0,0],"36":[0,0],"37":[0,0],"38":[0,0],"39":[0,0],"40":[0,0]}}
,"/Users/zhanglt21/Desktop/accrnew/accr-ui/apps/native-server/src/companion/agent-backend-supervisor.ts": {"path":"/Users/zhanglt21/Desktop/accrnew/accr-ui/apps/native-server/src/companion/agent-backend-supervisor.ts","statementMap":{"0":{"start":{"line":57,"column":0},"end":{"line":57,"column":16}},"1":{"start":{"line":1,"column":0},"end":{"line":1,"column":80}},"2":{"start":{"line":2,"column":0},"end":{"line":2,"column":29}},"3":{"start":{"line":3,"column":0},"end":{"line":3,"column":49}},"4":{"start":{"line":4,"column":0},"end":{"line":4,"column":40}},"5":{"start":{"line":19,"column":2},"end":{"line":19,"column":80}},"6":{"start":{"line":23,"column":2},"end":{"line":23,"column":73}},"7":{"start":{"line":27,"column":2},"end":{"line":27,"column":77}},"8":{"start":{"line":31,"column":2},"end":{"line":31,"column":58}},"9":{"start":{"line":31,"column":33},"end":{"line":31,"column":56}},"10":{"start":{"line":35,"column":2},"end":{"line":43,"column":3}},"11":{"start":{"line":36,"column":21},"end":{"line":36,"column":37}},"12":{"start":{"line":37,"column":4},"end":{"line":39,"column":5}},"13":{"start":{"line":38,"column":6},"end":{"line":38,"column":18}},"14":{"start":{"line":40,"column":4},"end":{"line":40,"column":27}},"15":{"start":{"line":42,"column":4},"end":{"line":42,"column":16}},"16":{"start":{"line":53,"column":4},"end":{"line":53,"column":97}},"17":{"start":{"line":53,"column":58},"end":{"line":53,"column":90}},"18":{"start":{"line":54,"column":2},"end":{"line":54,"column":27}},"19":{"start":{"line":64,"column":29},"end":{"line":64,"column":77}},"20":{"start":{"line":65,"column":2},"end":{"line":70,"column":3}},"21":{"start":{"line":66,"column":4},"end":{"line":69,"column":6}},"22":{"start":{"line":72,"column":19},"end":{"line":72,"column":54}},"23":{"start":{"line":73,"column":2},"end":{"line":75,"column":3}},"24":{"start":{"line":74,"column":4},"end":{"line":74,"column":42}},"25":{"start":{"line":77,"column":2},"end":{"line":80,"column":4}},"26":{"start":{"line":84,"column":10},"end":{"line":84,"column":62}},"27":{"start":{"line":87,"column":25},"end":{"line":87,"column":78}},"28":{"start":{"line":88,"column":4},"end":{"line":90,"column":5}},"29":{"start":{"line":89,"column":6},"end":{"line":89,"column":13}},"30":{"start":{"line":92,"column":4},"end":{"line":95,"column":5}},"31":{"start":{"line":93,"column":6},"end":{"line":93,"column":32}},"32":{"start":{"line":94,"column":6},"end":{"line":94,"column":13}},"33":{"start":{"line":97,"column":30},"end":{"line":97,"column":58}},"34":{"start":{"line":98,"column":4},"end":{"line":98,"column":92}},"35":{"start":{"line":99,"column":4},"end":{"line":106,"column":7}},"36":{"start":{"line":108,"column":4},"end":{"line":110,"column":7}},"37":{"start":{"line":109,"column":6},"end":{"line":109,"column":67}},"38":{"start":{"line":111,"column":4},"end":{"line":113,"column":7}},"39":{"start":{"line":112,"column":6},"end":{"line":112,"column":68}},"40":{"start":{"line":114,"column":4},"end":{"line":117,"column":7}},"41":{"start":{"line":115,"column":6},"end":{"line":115,"column":85}},"42":{"start":{"line":116,"column":6},"end":{"line":116,"column":24}},"43":{"start":{"line":118,"column":4},"end":{"line":121,"column":7}},"44":{"start":{"line":119,"column":6},"end":{"line":119,"column":92}},"45":{"start":{"line":120,"column":6},"end":{"line":120,"column":24}},"46":{"start":{"line":123,"column":4},"end":{"line":123,"column":30}},"47":{"start":{"line":127,"column":20},"end":{"line":127,"column":34}},"48":{"start":{"line":128,"column":25},"end":{"line":128,"column":71}},"49":{"start":{"line":130,"column":4},"end":{"line":140,"column":6}},"50":{"start":{"line":144,"column":4},"end":{"line":146,"column":5}},"51":{"start":{"line":145,"column":6},"end":{"line":145,"column":13}},"52":{"start":{"line":148,"column":4},"end":{"line":148,"column":31}},"53":{"start":{"line":149,"column":4},"end":{"line":149,"column":22}},"54":{"start":{"line":153,"column":4},"end":{"line":159,"column":5}},"55":{"start":{"line":153,"column":23},"end":{"line":153,"column":24}},"56":{"start":{"line":154,"column":27},"end":{"line":154,"column":80}},"57":{"start":{"line":155,"column":6},"end":{"line":157,"column":7}},"58":{"start":{"line":156,"column":8},"end":{"line":156,"column":15}},"59":{"start":{"line":158,"column":6},"end":{"line":158,"column":23}},"60":{"start":{"line":161,"column":4},"end":{"line":161,"column":81}},"61":{"start":{"line":83,"column":0},"end":{"line":83,"column":13}}},"fnMap":{"0":{"name":"repoRoot","decl":{"start":{"line":18,"column":9},"end":{"line":18,"column":17}},"loc":{"start":{"line":18,"column":17},"end":{"line":20,"column":1}}},"1":{"name":"agentBaseUrl","decl":{"start":{"line":22,"column":9},"end":{"line":22,"column":21}},"loc":{"start":{"line":22,"column":21},"end":{"line":24,"column":1}}},"2":{"name":"mcpUrl","decl":{"start":{"line":26,"column":9},"end":{"line":26,"column":15}},"loc":{"start":{"line":26,"column":28},"end":{"line":28,"column":1}}},"3":{"name":"sleep","decl":{"start":{"line":30,"column":15},"end":{"line":30,"column":20}},"loc":{"start":{"line":30,"column":31},"end":{"line":32,"column":1}}},"4":{"name":"(anonymous_5)","decl":{"start":{"line":31,"column":20},"end":{"line":31,"column":21}},"loc":{"start":{"line":31,"column":33},"end":{"line":31,"column":56}}},"5":{"name":"fetchJson","decl":{"start":{"line":34,"column":15},"end":{"line":34,"column":24}},"loc":{"start":{"line":34,"column":36},"end":{"line":44,"column":1}}},"6":{"name":"parseOverrideCommand","decl":{"start":{"line":51,"column":9},"end":{"line":51,"column":29}},"loc":{"start":{"line":51,"column":46},"end":{"line":55,"column":1}}},"7":{"name":"(anonymous_8)","decl":{"start":{"line":53,"column":48},"end":{"line":53,"column":49}},"loc":{"start":{"line":53,"column":58},"end":{"line":53,"column":90}}},"8":{"name":"resolveAgentBackendCommand","decl":{"start":{"line":57,"column":16},"end":{"line":57,"column":42}},"loc":{"start":{"line":63,"column":6},"end":{"line":81,"column":1}}},"9":{"name":"(anonymous_10)","decl":{"start":{"line":83,"column":0},"end":{"line":83,"column":13}},"loc":{"start":{"line":83,"column":0},"end":{"line":163,"column":1}}},"10":{"name":"(anonymous_11)","decl":{"start":{"line":86,"column":9},"end":{"line":86,"column":14}},"loc":{"start":{"line":86,"column":28},"end":{"line":124,"column":3}}},"11":{"name":"(anonymous_12)","decl":{"start":{"line":108,"column":33},"end":{"line":108,"column":34}},"loc":{"start":{"line":108,"column":43},"end":{"line":110,"column":5}}},"12":{"name":"(anonymous_13)","decl":{"start":{"line":111,"column":33},"end":{"line":111,"column":34}},"loc":{"start":{"line":111,"column":43},"end":{"line":113,"column":5}}},"13":{"name":"(anonymous_14)","decl":{"start":{"line":114,"column":27},"end":{"line":114,"column":28}},"loc":{"start":{"line":114,"column":37},"end":{"line":117,"column":5}}},"14":{"name":"(anonymous_15)","decl":{"start":{"line":118,"column":26},"end":{"line":118,"column":27}},"loc":{"start":{"line":118,"column":43},"end":{"line":121,"column":5}}},"15":{"name":"(anonymous_16)","decl":{"start":{"line":126,"column":9},"end":{"line":126,"column":14}},"loc":{"start":{"line":126,"column":58},"end":{"line":141,"column":3}}},"16":{"name":"(anonymous_17)","decl":{"start":{"line":143,"column":9},"end":{"line":143,"column":14}},"loc":{"start":{"line":143,"column":19},"end":{"line":150,"column":3}}},"17":{"name":"(anonymous_18)","decl":{"start":{"line":152,"column":10},"end":{"line":152,"column":15}},"loc":{"start":{"line":152,"column":28},"end":{"line":162,"column":3}}}},"branchMap":{"0":{"loc":{"start":{"line":19,"column":9},"end":{"line":19,"column":79}},"type":"binary-expr","locations":[{"start":{"line":19,"column":9},"end":{"line":19,"column":37}},{"start":{"line":19,"column":41},"end":{"line":19,"column":79}}]},"1":{"loc":{"start":{"line":23,"column":9},"end":{"line":23,"column":72}},"type":"binary-expr","locations":[{"start":{"line":23,"column":9},"end":{"line":23,"column":45}},{"start":{"line":23,"column":49},"end":{"line":23,"column":72}}]},"2":{"loc":{"start":{"line":27,"column":9},"end":{"line":27,"column":76}},"type":"binary-expr","locations":[{"start":{"line":27,"column":9},"end":{"line":27,"column":42}},{"start":{"line":27,"column":46},"end":{"line":27,"column":76}}]},"3":{"loc":{"start":{"line":37,"column":4},"end":{"line":39,"column":5}},"type":"if","locations":[{"start":{"line":37,"column":4},"end":{"line":39,"column":5}},{"start":{},"end":{}}]},"4":{"loc":{"start":{"line":53,"column":4},"end":{"line":53,"column":97}},"type":"cond-expr","locations":[{"start":{"line":53,"column":91},"end":{"line":53,"column":95}},{"start":{"line":53,"column":95},"end":{"line":53,"column":97}}]},"5":{"loc":{"start":{"line":53,"column":4},"end":{"line":53,"column":95}},"type":"binary-expr","locations":[{"start":{"line":53,"column":4},"end":{"line":53,"column":95}},{"start":{"line":53,"column":91},"end":{"line":53,"column":95}}]},"6":{"loc":{"start":{"line":53,"column":4},"end":{"line":53,"column":91}},"type":"cond-expr","locations":[{"start":{"line":53,"column":42},"end":{"line":53,"column":44}},{"start":{"line":53,"column":42},"end":{"line":53,"column":91}}]},"7":{"loc":{"start":{"line":53,"column":4},"end":{"line":53,"column":44}},"type":"binary-expr","locations":[{"start":{"line":53,"column":4},"end":{"line":53,"column":44}},{"start":{"line":53,"column":42},"end":{"line":53,"column":44}}]},"8":{"loc":{"start":{"line":57,"column":43},"end":{"line":63,"column":6}},"type":"default-arg","locations":[{"start":{"line":63,"column":4},"end":{"line":63,"column":6}}]},"9":{"loc":{"start":{"line":58,"column":2},"end":{"line":58,"column":19}},"type":"default-arg","locations":[{"start":{"line":58,"column":8},"end":{"line":58,"column":19}}]},"10":{"loc":{"start":{"line":59,"column":2},"end":{"line":59,"column":29}},"type":"default-arg","locations":[{"start":{"line":59,"column":13},"end":{"line":59,"column":29}}]},"11":{"loc":{"start":{"line":64,"column":29},"end":{"line":64,"column":77}},"type":"cond-expr","locations":[{"start":{"line":64,"column":69},"end":{"line":64,"column":71}},{"start":{"line":64,"column":69},"end":{"line":64,"column":77}}]},"12":{"loc":{"start":{"line":64,"column":29},"end":{"line":64,"column":71}},"type":"binary-expr","locations":[{"start":{"line":64,"column":29},"end":{"line":64,"column":71}},{"start":{"line":64,"column":69},"end":{"line":64,"column":71}}]},"13":{"loc":{"start":{"line":65,"column":2},"end":{"line":70,"column":3}},"type":"if","locations":[{"start":{"line":65,"column":2},"end":{"line":70,"column":3}},{"start":{},"end":{}}]},"14":{"loc":{"start":{"line":65,"column":6},"end":{"line":65,"column":48}},"type":"binary-expr","locations":[{"start":{"line":65,"column":6},"end":{"line":65,"column":26}},{"start":{"line":65,"column":30},"end":{"line":65,"column":48}}]},"15":{"loc":{"start":{"line":67,"column":15},"end":{"line":67,"column":39}},"type":"binary-expr","locations":[{"start":{"line":67,"column":15},"end":{"line":67,"column":26}},{"start":{"line":67,"column":30},"end":{"line":67,"column":39}}]},"16":{"loc":{"start":{"line":72,"column":19},"end":{"line":72,"column":54}},"type":"cond-expr","locations":[{"start":{"line":72,"column":46},"end":{"line":72,"column":48}},{"start":{"line":72,"column":46},"end":{"line":72,"column":54}}]},"17":{"loc":{"start":{"line":72,"column":19},"end":{"line":72,"column":48}},"type":"binary-expr","locations":[{"start":{"line":72,"column":19},"end":{"line":72,"column":48}},{"start":{"line":72,"column":46},"end":{"line":72,"column":48}}]},"18":{"loc":{"start":{"line":73,"column":2},"end":{"line":75,"column":3}},"type":"if","locations":[{"start":{"line":73,"column":2},"end":{"line":75,"column":3}},{"start":{},"end":{}}]},"19":{"loc":{"start":{"line":88,"column":4},"end":{"line":90,"column":5}},"type":"if","locations":[{"start":{"line":88,"column":4},"end":{"line":90,"column":5}},{"start":{},"end":{}}]},"20":{"loc":{"start":{"line":92,"column":4},"end":{"line":95,"column":5}},"type":"if","locations":[{"start":{"line":92,"column":4},"end":{"line":95,"column":5}},{"start":{},"end":{}}]},"21":{"loc":{"start":{"line":92,"column":8},"end":{"line":92,"column":40}},"type":"binary-expr","locations":[{"start":{"line":92,"column":8},"end":{"line":92,"column":18}},{"start":{"line":92,"column":22},"end":{"line":92,"column":40}}]},"22":{"loc":{"start":{"line":126,"column":25},"end":{"line":126,"column":58}},"type":"default-arg","locations":[{"start":{"line":126,"column":40},"end":{"line":126,"column":58}}]},"23":{"loc":{"start":{"line":138,"column":13},"end":{"line":138,"column":28}},"type":"cond-expr","locations":[{"start":{"line":138,"column":23},"end":{"line":138,"column":25}},{"start":{"line":138,"column":23},"end":{"line":138,"column":28}}]},"24":{"loc":{"start":{"line":138,"column":13},"end":{"line":138,"column":25}},"type":"binary-expr","locations":[{"start":{"line":138,"column":13},"end":{"line":138,"column":25}},{"start":{"line":138,"column":23},"end":{"line":138,"column":25}}]},"25":{"loc":{"start":{"line":144,"column":4},"end":{"line":146,"column":5}},"type":"if","locations":[{"start":{"line":144,"column":4},"end":{"line":146,"column":5}},{"start":{},"end":{}}]},"26":{"loc":{"start":{"line":155,"column":6},"end":{"line":157,"column":7}},"type":"if","locations":[{"start":{"line":155,"column":6},"end":{"line":157,"column":7}},{"start":{},"end":{}}]}},"s":{"0":0,"1":0,"2":0,"3":0,"4":0,"5":0,"6":0,"7":0,"8":0,"9":0,"10":0,"11":0,"12":0,"13":0,"14":0,"15":0,"16":0,"17":0,"18":0,"19":0,"20":0,"21":0,"22":0,"23":0,"24":0,"25":0,"26":0,"27":0,"28":0,"29":0,"30":0,"31":0,"32":0,"33":0,"34":0,"35":0,"36":0,"37":0,"38":0,"39":0,"40":0,"41":0,"42":0,"43":0,"44":0,"45":0,"46":0,"47":0,"48":0,"49":0,"50":0,"51":0,"52":0,"53":0,"54":0,"55":0,"56":0,"57":0,"58":0,"59":0,"60":0,"61":0},"f":{"0":0,"1":0,"2":0,"3":0,"4":0,"5":0,"6":0,"7":0,"8":0,"9":0,"10":0,"11":0,"12":0,"13":0,"14":0,"15":0,"16":0,"17":0},"b":{"0":[0,0],"1":[0,0],"2":[0,0],"3":[0,0],"4":[0,0],"5":[0,0],"6":[0,0],"7":[0,0],"8":[0],"9":[0],"10":[0],"11":[0,0],"12":[0,0],"13":[0,0],"14":[0,0],"15":[0,0],"16":[0,0],"17":[0,0],"18":[0,0],"19":[0,0],"20":[0,0],"21":[0,0],"22":[0],"23":[0,0],"24":[0,0],"25":[0,0],"26":[0,0]}}
,"/Users/zhanglt21/Desktop/accrnew/accr-ui/apps/native-server/src/constant/index.ts": {"path":"/Users/zhanglt21/Desktop/accrnew/accr-ui/apps/native-server/src/constant/index.ts","statementMap":{"0":{"start":{"line":1,"column":0},"end":{"line":1,"column":null}},"1":{"start":{"line":2,"column":2},"end":{"line":2,"column":null}},"2":{"start":{"line":3,"column":2},"end":{"line":3,"column":null}},"3":{"start":{"line":4,"column":2},"end":{"line":4,"column":null}},"4":{"start":{"line":5,"column":2},"end":{"line":5,"column":null}},"5":{"start":{"line":6,"column":2},"end":{"line":6,"column":null}},"6":{"start":{"line":7,"column":2},"end":{"line":7,"column":null}},"7":{"start":{"line":8,"column":2},"end":{"line":8,"column":null}},"8":{"start":{"line":11,"column":13},"end":{"line":11,"column":40}},"9":{"start":{"line":14,"column":13},"end":{"line":18,"column":11}},"10":{"start":{"line":21,"column":13},"end":{"line":25,"column":11}},"11":{"start":{"line":28,"column":13},"end":{"line":34,"column":11}},"12":{"start":{"line":37,"column":13},"end":{"line":47,"column":11}},"13":{"start":{"line":49,"column":0},"end":{"line":49,"column":null}},"14":{"start":{"line":50,"column":2},"end":{"line":50,"column":null}},"15":{"start":{"line":51,"column":2},"end":{"line":51,"column":null}},"16":{"start":{"line":52,"column":2},"end":{"line":52,"column":null}},"17":{"start":{"line":53,"column":2},"end":{"line":53,"column":null}},"18":{"start":{"line":54,"column":2},"end":{"line":54,"column":null}},"19":{"start":{"line":55,"column":2},"end":{"line":55,"column":null}},"20":{"start":{"line":56,"column":2},"end":{"line":56,"column":null}},"21":{"start":{"line":57,"column":2},"end":{"line":57,"column":null}},"22":{"start":{"line":58,"column":2},"end":{"line":58,"column":null}},"23":{"start":{"line":59,"column":2},"end":{"line":59,"column":null}},"24":{"start":{"line":60,"column":2},"end":{"line":60,"column":null}},"25":{"start":{"line":61,"column":2},"end":{"line":61,"column":null}},"26":{"start":{"line":62,"column":2},"end":{"line":62,"column":null}},"27":{"start":{"line":63,"column":2},"end":{"line":63,"column":null}},"28":{"start":{"line":64,"column":2},"end":{"line":64,"column":null}},"29":{"start":{"line":65,"column":2},"end":{"line":65,"column":null}},"30":{"start":{"line":66,"column":2},"end":{"line":66,"column":null}},"31":{"start":{"line":67,"column":2},"end":{"line":67,"column":null}}},"fnMap":{"0":{"name":"(anonymous_0)","decl":{"start":{"line":1,"column":0},"end":{"line":1,"column":12}},"loc":{"start":{"line":1,"column":31},"end":{"line":9,"column":1}}},"1":{"name":"(anonymous_1)","decl":{"start":{"line":49,"column":0},"end":{"line":49,"column":12}},"loc":{"start":{"line":49,"column":29},"end":{"line":68,"column":1}}}},"branchMap":{"0":{"loc":{"start":{"line":1,"column":12},"end":{"line":1,"column":null}},"type":"binary-expr","locations":[{"start":{"line":1,"column":12},"end":{"line":1,"column":31}},{"start":{"line":1,"column":31},"end":{"line":1,"column":null}}]},"1":{"loc":{"start":{"line":49,"column":12},"end":{"line":49,"column":null}},"type":"binary-expr","locations":[{"start":{"line":49,"column":12},"end":{"line":49,"column":29}},{"start":{"line":49,"column":29},"end":{"line":49,"column":null}}]}},"s":{"0":0,"1":0,"2":0,"3":0,"4":0,"5":0,"6":0,"7":0,"8":0,"9":0,"10":0,"11":0,"12":0,"13":0,"14":0,"15":0,"16":0,"17":0,"18":0,"19":0,"20":0,"21":0,"22":0,"23":0,"24":0,"25":0,"26":0,"27":0,"28":0,"29":0,"30":0,"31":0},"f":{"0":0,"1":0},"b":{"0":[0,0],"1":[0,0]}}
,"/Users/zhanglt21/Desktop/accrnew/accr-ui/apps/native-server/src/mcp/inject-user-mcp.ts": {"path":"/Users/zhanglt21/Desktop/accrnew/accr-ui/apps/native-server/src/mcp/inject-user-mcp.ts","statementMap":{"0":{"start":{"line":11,"column":13},"end":{"line":40,"column":2}},"1":{"start":{"line":44,"column":13},"end":{"line":116,"column":2}}},"fnMap":{},"branchMap":{},"s":{"0":0,"1":0},"f":{},"b":{}}
,"/Users/zhanglt21/Desktop/accrnew/accr-ui/apps/native-server/src/mcp/mcp-server.ts": {"path":"/Users/zhanglt21/Desktop/accrnew/accr-ui/apps/native-server/src/mcp/mcp-server.ts","statementMap":{"0":{"start":{"line":1,"column":0},"end":{"line":1,"column":68}},"1":{"start":{"line":2,"column":0},"end":{"line":2,"column":46}},"2":{"start":{"line":4,"column":11},"end":{"line":4,"column":46}},"3":{"start":{"line":6,"column":31},"end":{"line":20,"column":1}},"4":{"start":{"line":7,"column":17},"end":{"line":16,"column":null}},"5":{"start":{"line":18,"column":2},"end":{"line":18,"column":21}},"6":{"start":{"line":19,"column":2},"end":{"line":19,"column":16}},"7":{"start":{"line":6,"column":13},"end":{"line":6,"column":31}},"8":{"start":{"line":22,"column":28},"end":{"line":28,"column":1}},"9":{"start":{"line":23,"column":2},"end":{"line":25,"column":3}},"10":{"start":{"line":24,"column":4},"end":{"line":24,"column":21}},"11":{"start":{"line":26,"column":2},"end":{"line":26,"column":32}},"12":{"start":{"line":27,"column":2},"end":{"line":27,"column":19}},"13":{"start":{"line":22,"column":13},"end":{"line":22,"column":28}}},"fnMap":{"0":{"name":"(anonymous_0)","decl":{"start":{"line":6,"column":31},"end":{"line":6,"column":34}},"loc":{"start":{"line":6,"column":36},"end":{"line":20,"column":1}}},"1":{"name":"(anonymous_1)","decl":{"start":{"line":22,"column":28},"end":{"line":22,"column":31}},"loc":{"start":{"line":22,"column":33},"end":{"line":28,"column":1}}}},"branchMap":{"0":{"loc":{"start":{"line":23,"column":2},"end":{"line":25,"column":3}},"type":"if","locations":[{"start":{"line":23,"column":2},"end":{"line":25,"column":3}},{"start":{},"end":{}}]}},"s":{"0":0,"1":0,"2":0,"3":0,"4":0,"5":0,"6":0,"7":0,"8":0,"9":0,"10":0,"11":0,"12":0,"13":0},"f":{"0":0,"1":0},"b":{"0":[0,0]}}
,"/Users/zhanglt21/Desktop/accrnew/accr-ui/apps/native-server/src/mcp/register-tools.ts": {"path":"/Users/zhanglt21/Desktop/accrnew/accr-ui/apps/native-server/src/mcp/register-tools.ts","statementMap":{"0":{"start":{"line":1,"column":0},"end":{"line":1,"column":30}},"1":{"start":{"line":3,"column":0},"end":{"line":3,"column":null}},"2":{"start":{"line":9,"column":0},"end":{"line":9,"column":48}},"3":{"start":{"line":10,"column":0},"end":{"line":10,"column":67}},"4":{"start":{"line":11,"column":0},"end":{"line":11,"column":94}},"5":{"start":{"line":13,"column":28},"end":{"line":13,"column":97}},"6":{"start":{"line":13,"column":34},"end":{"line":13,"column":97}},"7":{"start":{"line":15,"column":34},"end":{"line":197,"column":2}},"8":{"start":{"line":200,"column":2},"end":{"line":223,"column":3}},"9":{"start":{"line":202,"column":6},"end":{"line":202,"column":54}},"10":{"start":{"line":204,"column":6},"end":{"line":204,"column":52}},"11":{"start":{"line":206,"column":6},"end":{"line":206,"column":54}},"12":{"start":{"line":208,"column":6},"end":{"line":208,"column":55}},"13":{"start":{"line":210,"column":6},"end":{"line":210,"column":68}},"14":{"start":{"line":212,"column":6},"end":{"line":212,"column":64}},"15":{"start":{"line":214,"column":6},"end":{"line":214,"column":62}},"16":{"start":{"line":216,"column":6},"end":{"line":216,"column":56}},"17":{"start":{"line":218,"column":6},"end":{"line":218,"column":53}},"18":{"start":{"line":220,"column":6},"end":{"line":220,"column":59}},"19":{"start":{"line":222,"column":6},"end":{"line":222,"column":18}},"20":{"start":{"line":227,"column":19},"end":{"line":227,"column":45}},"21":{"start":{"line":228,"column":2},"end":{"line":233,"column":3}},"22":{"start":{"line":229,"column":4},"end":{"line":232,"column":6}},"23":{"start":{"line":235,"column":2},"end":{"line":256,"column":3}},"24":{"start":{"line":236,"column":21},"end":{"line":240,"column":6}},"25":{"start":{"line":241,"column":17},"end":{"line":241,"column":38}},"26":{"start":{"line":242,"column":4},"end":{"line":245,"column":6}},"27":{"start":{"line":247,"column":4},"end":{"line":255,"column":6}},"28":{"start":{"line":259,"column":26},"end":{"line":417,"column":1}},"29":{"start":{"line":261,"column":2},"end":{"line":282,"column":5}},"30":{"start":{"line":262,"column":19},"end":{"line":265,"column":null}},"31":{"start":{"line":269,"column":4},"end":{"line":273,"column":6}},"32":{"start":{"line":271,"column":8},"end":{"line":272,"column":59}},"33":{"start":{"line":276,"column":4},"end":{"line":276,"column":47}},"34":{"start":{"line":277,"column":4},"end":{"line":277,"column":52}},"35":{"start":{"line":278,"column":4},"end":{"line":278,"column":42}},"36":{"start":{"line":281,"column":4},"end":{"line":281,"column":33}},"37":{"start":{"line":324,"column":2},"end":{"line":416,"column":5}},"38":{"start":{"line":325,"column":4},"end":{"line":327,"column":5}},"39":{"start":{"line":326,"column":6},"end":{"line":326,"column":89}},"40":{"start":{"line":329,"column":4},"end":{"line":349,"column":5}},"41":{"start":{"line":330,"column":6},"end":{"line":340,"column":7}},"42":{"start":{"line":331,"column":8},"end":{"line":339,"column":10}},"43":{"start":{"line":341,"column":19},"end":{"line":341,"column":87}},"44":{"start":{"line":343,"column":6},"end":{"line":348,"column":9}},"45":{"start":{"line":351,"column":4},"end":{"line":413,"column":5}},"46":{"start":{"line":352,"column":6},"end":{"line":362,"column":7}},"47":{"start":{"line":353,"column":8},"end":{"line":361,"column":10}},"48":{"start":{"line":364,"column":6},"end":{"line":374,"column":7}},"49":{"start":{"line":365,"column":8},"end":{"line":373,"column":10}},"50":{"start":{"line":376,"column":19},"end":{"line":376,"column":87}},"51":{"start":{"line":379,"column":38},"end":{"line":383,"column":8}},"52":{"start":{"line":386,"column":6},"end":{"line":388,"column":7}},"53":{"start":{"line":387,"column":8},"end":{"line":387,"column":84}},"54":{"start":{"line":389,"column":6},"end":{"line":391,"column":7}},"55":{"start":{"line":390,"column":8},"end":{"line":390,"column":74}},"56":{"start":{"line":394,"column":6},"end":{"line":398,"column":7}},"57":{"start":{"line":395,"column":8},"end":{"line":395,"column":66}},"58":{"start":{"line":397,"column":8},"end":{"line":397,"column":52}},"59":{"start":{"line":401,"column":6},"end":{"line":405,"column":7}},"60":{"start":{"line":402,"column":8},"end":{"line":402,"column":66}},"61":{"start":{"line":404,"column":8},"end":{"line":404,"column":42}},"62":{"start":{"line":408,"column":6},"end":{"line":410,"column":7}},"63":{"start":{"line":409,"column":8},"end":{"line":409,"column":70}},"64":{"start":{"line":412,"column":6},"end":{"line":412,"column":87}},"65":{"start":{"line":415,"column":4},"end":{"line":415,"column":79}},"66":{"start":{"line":259,"column":13},"end":{"line":259,"column":26}},"67":{"start":{"line":420,"column":2},"end":{"line":422,"column":4}},"68":{"start":{"line":427,"column":4},"end":{"line":427,"column":91}},"69":{"start":{"line":428,"column":15},"end":{"line":428,"column":29}},"70":{"start":{"line":430,"column":2},"end":{"line":432,"column":3}},"71":{"start":{"line":431,"column":4},"end":{"line":431,"column":16}},"72":{"start":{"line":434,"column":2},"end":{"line":436,"column":3}},"73":{"start":{"line":435,"column":4},"end":{"line":435,"column":20}},"74":{"start":{"line":438,"column":2},"end":{"line":446,"column":4}},"75":{"start":{"line":449,"column":23},"end":{"line":472,"column":1}},"76":{"start":{"line":450,"column":2},"end":{"line":471,"column":3}},"77":{"start":{"line":452,"column":21},"end":{"line":459,"column":6}},"78":{"start":{"line":460,"column":4},"end":{"line":460,"column":49}},"79":{"start":{"line":462,"column":4},"end":{"line":470,"column":6}}},"fnMap":{"0":{"name":"(anonymous_10)","decl":{"start":{"line":13,"column":28},"end":{"line":13,"column":31}},"loc":{"start":{"line":13,"column":34},"end":{"line":13,"column":97}}},"1":{"name":"snapshotToolEndpoint","decl":{"start":{"line":199,"column":9},"end":{"line":199,"column":29}},"loc":{"start":{"line":199,"column":42},"end":{"line":224,"column":1}}},"2":{"name":"handleSnapshotEditTool","decl":{"start":{"line":226,"column":15},"end":{"line":226,"column":37}},"loc":{"start":{"line":226,"column":65},"end":{"line":257,"column":1}}},"3":{"name":"(anonymous_13)","decl":{"start":{"line":259,"column":26},"end":{"line":259,"column":27}},"loc":{"start":{"line":259,"column":48},"end":{"line":417,"column":1}}},"4":{"name":"(anonymous_14)","decl":{"start":{"line":261,"column":58},"end":{"line":261,"column":63}},"loc":{"start":{"line":261,"column":69},"end":{"line":282,"column":3}}},"5":{"name":"(anonymous_15)","decl":{"start":{"line":270,"column":6},"end":{"line":270,"column":7}},"loc":{"start":{"line":271,"column":8},"end":{"line":272,"column":59}}},"6":{"name":"(anonymous_16)","decl":{"start":{"line":324,"column":57},"end":{"line":324,"column":62}},"loc":{"start":{"line":324,"column":75},"end":{"line":416,"column":3}}},"7":{"name":"isCallToolResult","decl":{"start":{"line":419,"column":9},"end":{"line":419,"column":25}},"loc":{"start":{"line":419,"column":40},"end":{"line":423,"column":1}}},"8":{"name":"unwrapExtensionToolResponse","decl":{"start":{"line":425,"column":9},"end":{"line":425,"column":36}},"loc":{"start":{"line":425,"column":54},"end":{"line":447,"column":1}}},"9":{"name":"(anonymous_19)","decl":{"start":{"line":449,"column":23},"end":{"line":449,"column":28}},"loc":{"start":{"line":449,"column":82},"end":{"line":472,"column":1}}}},"branchMap":{"0":{"loc":{"start":{"line":13,"column":34},"end":{"line":13,"column":97}},"type":"binary-expr","locations":[{"start":{"line":13,"column":34},"end":{"line":13,"column":70}},{"start":{"line":13,"column":74},"end":{"line":13,"column":97}}]},"1":{"loc":{"start":{"line":200,"column":2},"end":{"line":223,"column":3}},"type":"switch","locations":[{"start":{"line":201,"column":4},"end":{"line":202,"column":54}},{"start":{"line":203,"column":4},"end":{"line":204,"column":52}},{"start":{"line":205,"column":4},"end":{"line":206,"column":54}},{"start":{"line":207,"column":4},"end":{"line":208,"column":55}},{"start":{"line":209,"column":4},"end":{"line":210,"column":68}},{"start":{"line":211,"column":4},"end":{"line":212,"column":64}},{"start":{"line":213,"column":4},"end":{"line":214,"column":62}},{"start":{"line":215,"column":4},"end":{"line":216,"column":56}},{"start":{"line":217,"column":4},"end":{"line":218,"column":53}},{"start":{"line":219,"column":4},"end":{"line":220,"column":59}},{"start":{"line":221,"column":4},"end":{"line":222,"column":18}}]},"2":{"loc":{"start":{"line":228,"column":2},"end":{"line":233,"column":3}},"type":"if","locations":[{"start":{"line":228,"column":2},"end":{"line":233,"column":3}},{"start":{},"end":{}}]},"3":{"loc":{"start":{"line":239,"column":27},"end":{"line":239,"column":37}},"type":"binary-expr","locations":[{"start":{"line":239,"column":27},"end":{"line":239,"column":31}},{"start":{"line":239,"column":35},"end":{"line":239,"column":37}}]},"4":{"loc":{"start":{"line":251,"column":56},"end":{"line":251,"column":110}},"type":"cond-expr","locations":[{"start":{"line":251,"column":81},"end":{"line":251,"column":94}},{"start":{"line":251,"column":97},"end":{"line":251,"column":110}}]},"5":{"loc":{"start":{"line":271,"column":8},"end":{"line":272,"column":59}},"type":"binary-expr","locations":[{"start":{"line":271,"column":8},"end":{"line":271,"column":58}},{"start":{"line":272,"column":8},"end":{"line":272,"column":59}}]},"6":{"loc":{"start":{"line":325,"column":4},"end":{"line":327,"column":5}},"type":"if","locations":[{"start":{"line":325,"column":4},"end":{"line":327,"column":5}},{"start":{},"end":{}}]},"7":{"loc":{"start":{"line":326,"column":57},"end":{"line":326,"column":87}},"type":"binary-expr","locations":[{"start":{"line":326,"column":57},"end":{"line":326,"column":81}},{"start":{"line":326,"column":85},"end":{"line":326,"column":87}}]},"8":{"loc":{"start":{"line":329,"column":4},"end":{"line":349,"column":5}},"type":"if","locations":[{"start":{"line":329,"column":4},"end":{"line":349,"column":5}},{"start":{},"end":{}}]},"9":{"loc":{"start":{"line":330,"column":6},"end":{"line":340,"column":7}},"type":"if","locations":[{"start":{"line":330,"column":6},"end":{"line":340,"column":7}},{"start":{},"end":{}}]},"10":{"loc":{"start":{"line":330,"column":11},"end":{"line":330,"column":45}},"type":"cond-expr","locations":[{"start":{"line":330,"column":35},"end":{"line":330,"column":37}},{"start":{"line":330,"column":35},"end":{"line":330,"column":45}}]},"11":{"loc":{"start":{"line":330,"column":11},"end":{"line":330,"column":37}},"type":"binary-expr","locations":[{"start":{"line":330,"column":11},"end":{"line":330,"column":37}},{"start":{"line":330,"column":35},"end":{"line":330,"column":37}}]},"12":{"loc":{"start":{"line":344,"column":15},"end":{"line":344,"column":46}},"type":"cond-expr","locations":[{"start":{"line":344,"column":39},"end":{"line":344,"column":41}},{"start":{"line":344,"column":39},"end":{"line":344,"column":46}}]},"13":{"loc":{"start":{"line":344,"column":15},"end":{"line":344,"column":41}},"type":"binary-expr","locations":[{"start":{"line":344,"column":15},"end":{"line":344,"column":41}},{"start":{"line":344,"column":39},"end":{"line":344,"column":41}}]},"14":{"loc":{"start":{"line":351,"column":4},"end":{"line":413,"column":5}},"type":"if","locations":[{"start":{"line":351,"column":4},"end":{"line":413,"column":5}},{"start":{},"end":{}}]},"15":{"loc":{"start":{"line":352,"column":6},"end":{"line":362,"column":7}},"type":"if","locations":[{"start":{"line":352,"column":6},"end":{"line":362,"column":7}},{"start":{},"end":{}}]},"16":{"loc":{"start":{"line":352,"column":11},"end":{"line":352,"column":45}},"type":"cond-expr","locations":[{"start":{"line":352,"column":35},"end":{"line":352,"column":37}},{"start":{"line":352,"column":35},"end":{"line":352,"column":45}}]},"17":{"loc":{"start":{"line":352,"column":11},"end":{"line":352,"column":37}},"type":"binary-expr","locations":[{"start":{"line":352,"column":11},"end":{"line":352,"column":37}},{"start":{"line":352,"column":35},"end":{"line":352,"column":37}}]},"18":{"loc":{"start":{"line":364,"column":6},"end":{"line":374,"column":7}},"type":"if","locations":[{"start":{"line":364,"column":6},"end":{"line":374,"column":7}},{"start":{},"end":{}}]},"19":{"loc":{"start":{"line":364,"column":10},"end":{"line":364,"column":79}},"type":"binary-expr","locations":[{"start":{"line":364,"column":10},"end":{"line":364,"column":43}},{"start":{"line":364,"column":43},"end":{"line":364,"column":79}}]},"20":{"loc":{"start":{"line":364,"column":11},"end":{"line":364,"column":39}},"type":"cond-expr","locations":[{"start":{"line":364,"column":35},"end":{"line":364,"column":37}},{"start":{"line":364,"column":35},"end":{"line":364,"column":39}}]},"21":{"loc":{"start":{"line":364,"column":11},"end":{"line":364,"column":37}},"type":"binary-expr","locations":[{"start":{"line":364,"column":11},"end":{"line":364,"column":37}},{"start":{"line":364,"column":35},"end":{"line":364,"column":37}}]},"22":{"loc":{"start":{"line":364,"column":44},"end":{"line":364,"column":77}},"type":"cond-expr","locations":[{"start":{"line":364,"column":68},"end":{"line":364,"column":70}},{"start":{"line":364,"column":68},"end":{"line":364,"column":77}}]},"23":{"loc":{"start":{"line":364,"column":44},"end":{"line":364,"column":70}},"type":"binary-expr","locations":[{"start":{"line":364,"column":44},"end":{"line":364,"column":70}},{"start":{"line":364,"column":68},"end":{"line":364,"column":70}}]},"24":{"loc":{"start":{"line":386,"column":6},"end":{"line":388,"column":7}},"type":"if","locations":[{"start":{"line":386,"column":6},"end":{"line":388,"column":7}},{"start":{},"end":{}}]},"25":{"loc":{"start":{"line":389,"column":6},"end":{"line":391,"column":7}},"type":"if","locations":[{"start":{"line":389,"column":6},"end":{"line":391,"column":7}},{"start":{},"end":{}}]},"26":{"loc":{"start":{"line":394,"column":6},"end":{"line":398,"column":7}},"type":"if","locations":[{"start":{"line":394,"column":6},"end":{"line":398,"column":7}},{"start":{"line":396,"column":13},"end":{"line":398,"column":7}}]},"27":{"loc":{"start":{"line":401,"column":6},"end":{"line":405,"column":7}},"type":"if","locations":[{"start":{"line":401,"column":6},"end":{"line":405,"column":7}},{"start":{"line":403,"column":13},"end":{"line":405,"column":7}}]},"28":{"loc":{"start":{"line":408,"column":6},"end":{"line":410,"column":7}},"type":"if","locations":[{"start":{"line":408,"column":6},"end":{"line":410,"column":7}},{"start":{},"end":{}}]},"29":{"loc":{"start":{"line":408,"column":10},"end":{"line":408,"column":88}},"type":"binary-expr","locations":[{"start":{"line":408,"column":10},"end":{"line":408,"column":42}},{"start":{"line":408,"column":46},"end":{"line":408,"column":88}}]},"30":{"loc":{"start":{"line":415,"column":47},"end":{"line":415,"column":77}},"type":"binary-expr","locations":[{"start":{"line":415,"column":47},"end":{"line":415,"column":71}},{"start":{"line":415,"column":75},"end":{"line":415,"column":77}}]},"31":{"loc":{"start":{"line":421,"column":4},"end":{"line":421,"column":97}},"type":"binary-expr","locations":[{"start":{"line":421,"column":4},"end":{"line":421,"column":9}},{"start":{"line":421,"column":13},"end":{"line":421,"column":38}},{"start":{"line":421,"column":42},"end":{"line":421,"column":97}}]},"32":{"loc":{"start":{"line":427,"column":4},"end":{"line":427,"column":91}},"type":"cond-expr","locations":[{"start":{"line":427,"column":48},"end":{"line":427,"column":84}},{"start":{"line":427,"column":87},"end":{"line":427,"column":91}}]},"33":{"loc":{"start":{"line":427,"column":4},"end":{"line":427,"column":44}},"type":"binary-expr","locations":[{"start":{"line":427,"column":4},"end":{"line":427,"column":12}},{"start":{"line":427,"column":16},"end":{"line":427,"column":44}}]},"34":{"loc":{"start":{"line":428,"column":15},"end":{"line":428,"column":29}},"type":"cond-expr","locations":[{"start":{"line":428,"column":23},"end":{"line":428,"column":25}},{"start":{"line":428,"column":15},"end":{"line":428,"column":29}}]},"35":{"loc":{"start":{"line":428,"column":15},"end":{"line":428,"column":25}},"type":"binary-expr","locations":[{"start":{"line":428,"column":15},"end":{"line":428,"column":25}},{"start":{"line":428,"column":15},"end":{"line":428,"column":25}}]},"36":{"loc":{"start":{"line":430,"column":2},"end":{"line":432,"column":3}},"type":"if","locations":[{"start":{"line":430,"column":2},"end":{"line":432,"column":3}},{"start":{},"end":{}}]},"37":{"loc":{"start":{"line":434,"column":2},"end":{"line":436,"column":3}},"type":"if","locations":[{"start":{"line":434,"column":2},"end":{"line":436,"column":3}},{"start":{},"end":{}}]},"38":{"loc":{"start":{"line":442,"column":14},"end":{"line":442,"column":80}},"type":"cond-expr","locations":[{"start":{"line":442,"column":41},"end":{"line":442,"column":45}},{"start":{"line":442,"column":48},"end":{"line":442,"column":80}}]},"39":{"loc":{"start":{"line":442,"column":63},"end":{"line":442,"column":79}},"type":"cond-expr","locations":[{"start":{"line":442,"column":63},"end":{"line":442,"column":67}},{"start":{"line":442,"column":71},"end":{"line":442,"column":79}}]},"40":{"loc":{"start":{"line":442,"column":63},"end":{"line":442,"column":71}},"type":"binary-expr","locations":[{"start":{"line":442,"column":63},"end":{"line":442,"column":71}},{"start":{"line":442,"column":63},"end":{"line":442,"column":71}}]},"41":{"loc":{"start":{"line":445,"column":13},"end":{"line":445,"column":29}},"type":"cond-expr","locations":[{"start":{"line":445,"column":21},"end":{"line":445,"column":23}},{"start":{"line":445,"column":13},"end":{"line":445,"column":29}}]},"42":{"loc":{"start":{"line":445,"column":13},"end":{"line":445,"column":23}},"type":"binary-expr","locations":[{"start":{"line":445,"column":13},"end":{"line":445,"column":23}},{"start":{"line":445,"column":13},"end":{"line":445,"column":23}}]}},"s":{"0":0,"1":0,"2":0,"3":0,"4":0,"5":0,"6":0,"7":0,"8":0,"9":0,"10":0,"11":0,"12":0,"13":0,"14":0,"15":0,"16":0,"17":0,"18":0,"19":0,"20":0,"21":0,"22":0,"23":0,"24":0,"25":0,"26":0,"27":0,"28":0,"29":0,"30":0,"31":0,"32":0,"33":0,"34":0,"35":0,"36":0,"37":0,"38":0,"39":0,"40":0,"41":0,"42":0,"43":0,"44":0,"45":0,"46":0,"47":0,"48":0,"49":0,"50":0,"51":0,"52":0,"53":0,"54":0,"55":0,"56":0,"57":0,"58":0,"59":0,"60":0,"61":0,"62":0,"63":0,"64":0,"65":0,"66":0,"67":0,"68":0,"69":0,"70":0,"71":0,"72":0,"73":0,"74":0,"75":0,"76":0,"77":0,"78":0,"79":0},"f":{"0":0,"1":0,"2":0,"3":0,"4":0,"5":0,"6":0,"7":0,"8":0,"9":0},"b":{"0":[0,0],"1":[0,0,0,0,0,0,0,0,0,0,0],"2":[0,0],"3":[0,0],"4":[0,0],"5":[0,0],"6":[0,0],"7":[0,0],"8":[0,0],"9":[0,0],"10":[0,0],"11":[0,0],"12":[0,0],"13":[0,0],"14":[0,0],"15":[0,0],"16":[0,0],"17":[0,0],"18":[0,0],"19":[0,0],"20":[0,0],"21":[0,0],"22":[0,0],"23":[0,0],"24":[0,0],"25":[0,0],"26":[0,0],"27":[0,0],"28":[0,0],"29":[0,0],"30":[0,0],"31":[0,0,0],"32":[0,0],"33":[0,0],"34":[0,0],"35":[0,0],"36":[0,0],"37":[0,0],"38":[0,0],"39":[0,0],"40":[0,0],"41":[0,0],"42":[0,0]}}
,"/Users/zhanglt21/Desktop/accrnew/accr-ui/apps/native-server/src/server/index.ts": {"path":"/Users/zhanglt21/Desktop/accrnew/accr-ui/apps/native-server/src/server/index.ts","statementMap":{"0":{"start":{"line":1,"column":0},"end":{"line":1,"column":41}},"1":{"start":{"line":2,"column":0},"end":{"line":2,"column":33}},"2":{"start":{"line":4,"column":0},"end":{"line":4,"column":77}},"3":{"start":{"line":5,"column":0},"end":{"line":5,"column":99}},"4":{"start":{"line":6,"column":0},"end":{"line":6,"column":73}},"5":{"start":{"line":7,"column":0},"end":{"line":7,"column":96}},"6":{"start":{"line":8,"column":0},"end":{"line":8,"column":79}},"7":{"start":{"line":9,"column":0},"end":{"line":9,"column":null}},"8":{"start":{"line":16,"column":0},"end":{"line":16,"column":52}},"9":{"start":{"line":18,"column":0},"end":{"line":18,"column":40}},"10":{"start":{"line":27,"column":9},"end":{"line":27,"column":27}},"11":{"start":{"line":28,"column":9},"end":{"line":28,"column":55}},"12":{"start":{"line":29,"column":9},"end":{"line":29,"column":44}},"13":{"start":{"line":30,"column":9},"end":{"line":30,"column":100}},"14":{"start":{"line":31,"column":10},"end":{"line":31,"column":57}},"15":{"start":{"line":34,"column":4},"end":{"line":34,"column":69}},"16":{"start":{"line":35,"column":4},"end":{"line":35,"column":24}},"17":{"start":{"line":36,"column":4},"end":{"line":36,"column":23}},"18":{"start":{"line":42,"column":4},"end":{"line":42,"column":33}},"19":{"start":{"line":46,"column":4},"end":{"line":48,"column":7}},"20":{"start":{"line":52,"column":4},"end":{"line":59,"column":7}},"21":{"start":{"line":53,"column":24},"end":{"line":53,"column":80}},"22":{"start":{"line":54,"column":6},"end":{"line":58,"column":9}},"23":{"start":{"line":62,"column":4},"end":{"line":96,"column":6}},"24":{"start":{"line":65,"column":8},"end":{"line":69,"column":9}},"25":{"start":{"line":66,"column":10},"end":{"line":68,"column":71}},"26":{"start":{"line":70,"column":8},"end":{"line":74,"column":9}},"27":{"start":{"line":71,"column":10},"end":{"line":73,"column":64}},"28":{"start":{"line":76,"column":8},"end":{"line":94,"column":9}},"29":{"start":{"line":78,"column":36},"end":{"line":81,"column":null}},"30":{"start":{"line":83,"column":10},"end":{"line":83,"column":99}},"31":{"start":{"line":85,"column":10},"end":{"line":89,"column":11}},"32":{"start":{"line":86,"column":12},"end":{"line":88,"column":82}},"33":{"start":{"line":90,"column":10},"end":{"line":93,"column":13}},"34":{"start":{"line":99,"column":4},"end":{"line":126,"column":7}},"35":{"start"
[...]
6":{"start":{"line":147,"column":4},"end":{"line":191,"column":7}},"57":{"start":{"line":148,"column":24},"end":{"line":148,"column":79}},"58":{"start":{"line":149,"column":65},"end":{"line":150,"column":null}},"59":{"start":{"line":152,"column":6},"end":{"line":178,"column":7}},"60":{"start":{"line":154,"column":13},"end":{"line":178,"column":7}},"61":{"start":{"line":155,"column":29},"end":{"line":155,"column":41}},"62":{"start":{"line":156,"column":8},"end":{"line":165,"column":11}},"63":{"start":{"line":157,"column":36},"end":{"line":157,"column":48}},"64":{"start":{"line":161,"column":12},"end":{"line":163,"column":13}},"65":{"start":{"line":162,"column":14},"end":{"line":162,"column":70}},"66":{"start":{"line":167,"column":8},"end":{"line":171,"column":10}},"67":{"start":{"line":168,"column":10},"end":{"line":170,"column":11}},"68":{"start":{"line":169,"column":12},"end":{"line":169,"column":59}},"69":{"start":{"line":172,"column":26},"end":{"line":172,"column":43}},"70":{"start":{"line":173,"column":8},"end":{"line":173,"column":43}},"71":{"start":{"line":174,"column":8},"end":{"line":174,"column":35}},"72":{"start":{"line":176,"column":8},"end":{"line":176,"column":96}},"73":{"start":{"line":177,"column":8},"end":{"line":177,"column":15}},"74":{"start":{"line":180,"column":6},"end":{"line":190,"column":7}},"75":{"start":{"line":181,"column":8},"end":{"line":181,"column":23}},"76":{"start":{"line":182,"column":8},"end":{"line":182,"column":76}},"77":{"start":{"line":184,"column":8},"end":{"line":189,"column":9}},"78":{"start":{"line":185,"column":10},"end":{"line":187,"column":13}},"79":{"start":{"line":188,"column":10},"end":{"line":188,"column":96}},"80":{"start":{"line":193,"column":4},"end":{"line":225,"column":7}},"81":{"start":{"line":194,"column":24},"end":{"line":194,"column":79}},"82":{"start":{"line":195,"column":24},"end":{"line":197,"column":19}},"83":{"start":{"line":198,"column":6},"end":{"line":201,"column":7}},"84":{"start":{"line":199,"column":8},"end":{"line":199,"column":96}},"85":{"start":{"line":200,"column":8},"end":{"line":200,"column":15}},"86":{"start":{"line":203,"column":6},"end":{"line":203,"column":63}},"87":{"start":{"line":204,"column":6},"end":{"line":204,"column":55}},"88":{"start":{"line":205,"column":6},"end":{"line":205,"column":54}},"89":{"start":{"line":206,"column":6},"end":{"line":206,"column":31}},"90":{"start":{"line":208,"column":6},"end":{"line":219,"column":7}},"91":{"start":{"line":210,"column":8},"end":{"line":210,"column":62}},"92":{"start":{"line":211,"column":8},"end":{"line":214,"column":9}},"93":{"start":{"line":213,"column":10},"end":{"line":213,"column":25}},"94":{"start":{"line":216,"column":8},"end":{"line":218,"column":9}},"95":{"start":{"line":217,"column":10},"end":{"line":217,"column":26}},"96":{"start":{"line":221,"column":6},"end":{"line":224,"column":9}},"97":{"start":{"line":222,"column":8},"end":{"line":222,"column":78}},"98":{"start":{"line":227,"column":4},"end":{"line":251,"column":7}},"99":{"start":{"line":228,"column":24},"end":{"line":228,"column":79}},"100":{"start":{"line":229,"column":24},"end":{"line":231,"column":19}},"101":{"start":{"line":233,"column":6},"end":{"line":236,"column":7}},"102":{"start":{"line":234,"column":8},"end":{"line":234,"column":95}},"103":{"start":{"line":235,"column":8},"end":{"line":235,"column":15}},"104":{"start":{"line":238,"column":6},"end":{"line":250,"column":7}},"105":{"start":{"line":239,"column":8},"end":{"line":239,"column":62}},"106":{"start":{"line":241,"column":8},"end":{"line":243,"column":9}},"107":{"start":{"line":242,"column":10},"end":{"line":242,"column":52}},"108":{"start":{"line":245,"column":8},"end":{"line":249,"column":9}},"109":{"start":{"line":246,"column":10},"end":{"line":248,"column":72}},"110":{"start":{"line":255,"column":4},"end":{"line":259,"column":5}},"111":{"start":{"line":256,"column":6},"end":{"line":256,"column":35}},"112":{"start":{"line":257,"column":11},"end":{"line":259,"column":5}},"113":{"start":{"line":258,"column":6},"end":{"line":258,"column":35}},"114":{"start":{"line":261,"column":4},"end":{"line":263,"column":5}},"115":{"start":{"line":262,"column":6},"end":{"line":262,"column":13}},"116":{"start":{"line":265,"column":4},"end":{"line":281,"column":5}},"117":{"start":{"line":266,"column":6},"end":{"line":266,"column":68}},"118":{"start":{"line":267,"column":6},"end":{"line":267,"column":28}},"119":{"start":{"line":268,"column":6},"end":{"line":274,"column":9}},"120":{"start":{"line":269,"column":8},"end":{"line":273,"column":10}},"121":{"start":{"line":277,"column":6},"end":{"line":277,"column":29}},"122":{"start":{"line":279,"column":6},"end":{"line":279,"column":16}},"123":{"start":{"line":285,"column":4},"end":{"line":287,"column":5}},"124":{"start":{"line":286,"column":6},"end":{"line":286,"column":13}},"125":{"start":{"line":289,"column":4},"end":{"line":297,"column":5}},"126":{"start":{"line":290,"column":6},"end":{"line":290,"column":33}},"127":{"start":{"line":291,"column":6},"end":{"line":291,"column":40}},"128":{"start":{"line":292,"column":6},"end":{"line":292,"column":29}},"129":{"start":{"line":295,"column":6},"end":{"line":295,"column":29}},"130":{"start":{"line":296,"column":6},"end":{"line":296,"column":16}},"131":{"start":{"line":301,"column":4},"end":{"line":301,"column":24}},"132":{"start":{"line":25,"column":0},"end":{"line":25,"column":13}},"133":{"start":{"line":305,"column":23},"end":{"line":305,"column":35}},"134":{"start":{"line":306,"column":0},"end":{"line":306,"column":30}}},"fnMap":{"0":{"name":"(anonymous_1)","decl":{"start":{"line":33,"column":2},"end":{"line":33,"column":null}},"loc":{"start":{"line":33,"column":2},"end":{"line":37,"column":3}}},"1":{"name":"(anonymous_2)","decl":{"start":{"line":41,"column":9},"end":{"line":41,"column":22}},"loc":{"start":{"line":41,"column":54},"end":{"line":43,"column":3}}},"2":{"name":"(anonymous_3)","decl":{"start":{"line":45,"column":10},"end":{"line":45,"column":15}},"loc":{"start":{"line":45,"column":28},"end":{"line":49,"column":3}}},"3":{"name":"(anonymous_4)","decl":{"start":{"line":51,"column":10},"end":{"line":51,"column":21}},"loc":{"start":{"line":51,"column":21},"end":{"line":252,"column":3}}},"4":{"name":"(anonymous_5)","decl":{"start":{"line":52,"column":35},"end":{"line":52,"column":40}},"loc":{"start":{"line":52,"column":54},"end":{"line":59,"column":5}}},"5":{"name":"(anonymous_6)","decl":{"start":{"line":64,"column":6},"end":{"line":64,"column":11}},"loc":{"start":{"line":64,"column":96},"end":{"line":95,"column":7}}},"6":{"name":"(anonymous_7)","decl":{"start":{"line":99,"column":29},"end":{"line":99,"column":34}},"loc":{"start":{"line":99,"column":48},"end":{"line":126,"column":5}}},"7":{"name":"(anonymous_8)","decl":{"start":{"line":112,"column":30},"end":{"line":112,"column":33}},"loc":{"start":{"line":112,"column":35},"end":{"line":114,"column":9}}},"8":{"name":"(anonymous_9)","decl":{"start":{"line":129,"column":35},"end":{"line":129,"column":40}},"loc":{"start":{"line":129,"column":56},"end":{"line":144,"column":5}}},"9":{"name":"(anonymous_10)","decl":{"start":{"line":147,"column":30},"end":{"line":147,"column":35}},"loc":{"start":{"line":147,"column":55},"end":{"line":191,"column":5}}},"10":{"name":"(anonymous_11)","decl":{"start":{"line":157,"column":30},"end":{"line":157,"column":33}},"loc":{"start":{"line":157,"column":36},"end":{"line":157,"column":48}}},"11":{"name":"(anonymous_12)","decl":{"start":{"line":159,"column":32},"end":{"line":159,"column":33}},"loc":{"start":{"line":159,"column":57},"end":{"line":164,"column":11}}},"12":{"name":"(anonymous_13)","decl":{"start":{"line":167,"column":28},"end":{"line":167,"column":31}},"loc":{"start":{"line":167,"column":33},"end":{"line":171,"column":9}}},"13":{"name":"(anonymous_14)","decl":{"start":{"line":193,"column":29},"end":{"line":193,"column":34}},"loc":{"start":{"line":193,"column":54},"end":{"line":225,"column":5}}},"14":{"name":"(anonymous_15)","decl":{"start":{"line":221,"column":33},"end":{"line":221,"column":36}},"loc":{"start":{"line":221,"column":38},"end":{"line":224,"column":7}}},"15":{"name":"(anonymous_16)","decl":{"start":{"line":227,"column":32},"end":{"line":227,"column":37}},"loc":{"start":{"line":227,"column":57},"end":{"line":251,"column":5}}},"16":{"name":"(anonymous_17)","decl":{"start":{"line":254,"column":9},"end":{"line":254,"column":14}},"loc":{"start":{"line":254,"column":79},"end":{"line":282,"column":3}}},"17":{"name":"(anonymous_18)","decl":{"start":{"line":268,"column":54},"end":{"line":268,"column":55}},"loc":{"start":{"line":268,"column":64},"end":{"line":274,"column":7}}},"18":{"name":"(anonymous_19)","decl":{"start":{"line":284,"column":9},"end":{"line":284,"column":14}},"loc":{"start":{"line":284,"column":19},"end":{"line":298,"column":3}}},"19":{"name":"(anonymous_20)","decl":{"start":{"line":300,"column":9},"end":{"line":300,"column":20}},"loc":{"start":{"line":300,"column":20},"end":{"line":302,"column":3}}}},"branchMap":{"0":{"loc":{"start":{"line":65,"column":8},"end":{"line":69,"column":9}},"type":"if","locations":[{"start":{"line":65,"column":8},"end":{"line":69,"column":9}},{"start":{},"end":{}}]},"1":{"loc":{"start":{"line":70,"column":8},"end":{"line":74,"column":9}},"type":"if","locations":[{"start":{"line":70,"column":8},"end":{"line":74,"column":9}},{"start":{},"end":{}}]},"2":{"loc":{"start":{"line":85,"column":10},"end":{"line":89,"column":11}},"type":"if","locations":[{"start":{"line":85,"column":10},"end":{"line":89,"column":11}},{"start":{},"end":{}}]},"3":{"loc":{"start":{"line":122,"column":8},"end":{"line":124,"column":9}},"type":"if","locations":[{"start":{"line":122,"column":8},"end":{"line":124,"column":9}},{"start":{},"end":{}}]},"4":{"loc":{"start":{"line":133,"column":8},"end":{"line":136,"column":9}},"type":"if","locations":[{"start":{"line":133,"column":8},"end":{"line":136,"column":9}},{"start":{},"end":{}}]},"5":{"loc":{"start":{"line":133,"column":12},"end":{"line":133,"column":36}},"type":"binary-expr","locations":[{"start":{"line":133,"column":12},"end":{"line":133,"column":22}},{"start":{"line":133,"column":26},"end":{"line":133,"column":36}}]},"6":{"loc":{"start":{"line":140,"column":8},"end":{"line":142,"column":9}},"type":"if","locations":[{"start":{"line":140,"column":8},"end":{"line":142,"column":9}},{"start":{},"end":{}}]},"7":{"loc":{"start":{"line":150,"column":8},"end":{"line":150,"column":23}},"type":"binary-expr","locations":[{"start":{"line":150,"column":8},"end":{"line":150,"column":17}},{"start":{"line":150,"column":21},"end":{"line":150,"column":23}}]},"8":{"loc":{"start":{"line":152,"column":6},"end":{"line":178,"column":7}},"type":"if","locations":[{"start":{"line":152,"column":6},"end":{"line":178,"column":7}},{"start":{"line":154,"column":13},"end":{"line":178,"column":7}}]},"9":{"loc":{"start":{"line":154,"column":13},"end":{"line":178,"column":7}},"type":"if","locations":[{"start":{"line":154,"column":13},"end":{"line":178,"column":7}},{"start":{"line":175,"column":13},"end":{"line":178,"column":7}}]},"10":{"loc":{"start":{"line":154,"column":17},"end":{"line":154,"column":64}},"type":"binary-expr","locations":[{"start":{"line":154,"column":17},"end":{"line":154,"column":27}},{"start":{"line":154,"column":31},"end":{"line":154,"column":64}}]},"11":{"loc":{"start":{"line":161,"column":12},"end":{"line":163,"column":13}},"type":"if","locations":[{"start":{"line":161,"column":12},"end":{"line":163,"column":13}},{"start":{},"end":{}}]},"12":{"loc":{"start":{"line":161,"column":16},"end":{"line":161,"column":66}},"type":"binary-expr","locations":[{"start":{"line":161,"column":16},"end":{"line":161,"column":25}},{"start":{"line":161,"column":29},"end":{"line":161,"column":66}}]},"13":{"loc":{"start":{"line":168,"column":10},"end":{"line":170,"column":11}},"type":"if","locations":[{"start":{"line":168,"column":10},"end":{"line":170,"column":11}},{"start":{},"end":{}}]},"14":{"loc":{"start":{"line":168,"column":14},"end":{"line":168,"column":81}},"type":"binary-expr","locations":[{"start":{"line":168,"column":14},"end":{"line":168,"column":34}},{"start":{"line":168,"column":38},"end":{"line":168,"column":81}}]},"15":{"loc":{"start":{"line":168,"column":14},"end":{"line":168,"column":34}},"type":"cond-expr","locations":[{"start":{"line":168,"column":23},"end":{"line":168,"column":25}},{"start":{"line":168,"column":14},"end":{"line":168,"column":34}}]},"16":{"loc":{"start":{"line":168,"column":14},"end":{"line":168,"column":25}},"type":"binary-expr","locations":[{"start":{"line":168,"column":14},"end":{"line":168,"column":25}},{"start":{"line":168,"column":14},"end":{"line":168,"column":25}}]},"17":{"loc":{"start":{"line":184,"column":8},"end":{"line":189,"column":9}},"type":"if","locations":[{"start":{"line":184,"column":8},"end":{"line":189,"column":9}},{"start":{},"end":{}}]},"18":{"loc":{"start":{"line":195,"column":24},"end":{"line":197,"column":19}},"type":"cond-expr","locations":[{"start":{"line":196,"column":11},"end":{"line":196,"column":78}},{"start":{"line":197,"column":10},"end":{"line":197,"column":19}}]},"19":{"loc":{"start":{"line":198,"column":6},"end":{"line":201,"column":7}},"type":"if","locations":[{"start":{"line":198,"column":6},"end":{"line":201,"column":7}},{"start":{},"end":{}}]},"20":{"loc":{"start":{"line":211,"column":8},"end":{"line":214,"column":9}},"type":"if","locations":[{"start":{"line":211,"column":8},"end":{"line":214,"column":9}},{"start":{},"end":{}}]},"21":{"loc":{"start":{"line":216,"column":8},"end":{"line":218,"column":9}},"type":"if","locations":[{"start":{"line":216,"column":8},"end":{"line":218,"column":9}},{"start":{},"end":{}}]},"22":{"loc":{"start":{"line":229,"column":24},"end":{"line":231,"column":19}},"type":"cond-expr","locations":[{"start":{"line":230,"column":11},"end":{"line":230,"column":78}},{"start":{"line":231,"column":10},"end":{"line":231,"column":19}}]},"23":{"loc":{"start":{"line":233,"column":6},"end":{"line":236,"column":7}},"type":"if","locations":[{"start":{"line":233,"column":6},"end":{"line":236,"column":7}},{"start":{},"end":{}}]},"24":{"loc":{"start":{"line":241,"column":8},"end":{"line":243,"column":9}},"type":"if","locations":[{"start":{"line":241,"column":8},"end":{"line":243,"column":9}},{"start":{},"end":{}}]},"25":{"loc":{"start":{"line":245,"column":8},"end":{"line":249,"column":9}},"type":"if","locations":[{"start":{"line":245,"column":8},"end":{"line":249,"column":9}},{"start":{},"end":{}}]},"26":{"loc":{"start":{"line":254,"column":21},"end":{"line":254,"column":46}},"type":"default-arg","locations":[{"start":{"line":254,"column":28},"end":{"line":254,"column":46}}]},"27":{"loc":{"start":{"line":255,"column":4},"end":{"line":259,"column":5}},"type":"if","locations":[{"start":{"line":255,"column":4},"end":{"line":259,"column":5}},{"start":{"line":257,"column":11},"end":{"line":259,"column":5}}]},"28":{"loc":{"start":{"line":257,"column":11},"end":{"line":259,"column":5}},"type":"if","locations":[{"start":{"line":257,"column":11},"end":{"line":259,"column":5}},{"start":{},"end":{}}]},"29":{"loc":{"start":{"line":261,"column":4},"end":{"line":263,"column":5}},"type":"if","locations":[{"start":{"line":261,"column":4},"end":{"line":263,"column":5}},{"start":{},"end":{}}]},"30":{"loc":{"start":{"line":271,"column":12},"end":{"line":271,"column":null}},"type":"cond-expr","locations":[{"start":{"line":271,"column":37},"end":{"line":271,"column":50}},{"start":{"line":271,"column":53},"end":{"line":271,"column":null}}]},"31":{"loc":{"start":{"line":285,"column":4},"end":{"line":287,"column":5}},"type":"if","locations":[{"start":{"line":285,"column":4},"end":{"line":287,"column":5}},{"start":{},"end":{}}]}},"s":{"0":0,"1":0,"2":0,"3":0,"4":0,"5":0,"6":0,"7":0,"8":0,"9":0,"10":0,"11":0,"12":0,"13":0,"14":0,"15":0,"16":0,"17":0,"18":0,"19":0,"20":0,"21":0,"22":0,"23":0,"24":0,"25":0,"26":0,"27":0,"28":0,"29":0,"30":0,"31":0,"32":0,"33":0,"34":0,"35":0,"36":0,"37":0,"38":0,"39":0,"40":0,"41":0,"42":0,"43":0,"44":0,"45":0,"46":0,"47":0,"48":0,"49":0,"50":0,"51":0,"52":0,"53":0,"54":0,"55":0,"56":0,"57":0,"58":0,"59":0,"60":0,"61":0,"62":0,"63":0,"64":0,"65":0,"66":0,"67":0,"68":0,"69":0,"70":0,"71":0,"72":0,"73":0,"74":0,"75":0,"76":0,"77":0,"78":0,"79":0,"80":0,"81":0,"82":0,"83":0,"84":0,"85":0,"86":0,"87":0,"88":0,"89":0,"90":0,"91":0,"92":0,"93":0,"94":0,"95":0,"96":0,"97":0,"98":0,"99":0,"100":0,"101":0,"102":0,"103":0,"104":0,"105":0,"106":0,"107":0,"108":0,"109":0,"110":0,"111":0,"112":0,"113":0,"114":0,"115":0,"116":0,"117":0,"118":0,"119":0,"120":0,"121":0,"122":0,"123":0,"124":0,"125":0,"126":0,"127":0,"128":0,"129":0,"130":0,"131":0,"132":0,"133":0,"134":0},"f":{"0":0,"1":0,"2":0,"3":0,"4":0,"5":0,"6":0,"7":0,"8":0,"9":0,"10":0,"11":0,"12":0,"13":0,"14":0,"15":0,"16":0,"17":0,"18":0,"19":0},"b":{"0":[0,0],"1":[0,0],"2":[0,0],"3":[0,0],"4":[0,0],"5":[0,0],"6":[0,0],"7":[0,0],"8":[0,0],"9":[0,0],"10":[0,0],"11":[0,0],"12":[0,0],"13":[0,0],"14":[0,0],"15":[0,0],"16":[0,0],"17":[0,0],"18":[0,0],"19":[0,0],"20":[0,0],"21":[0,0],"22":[0,0],"23":[0,0],"24":[0,0],"25":[0,0],"26":[0],"27":[0,0],"28":[0,0],"29":[0,0],"30":[0,0],"31":[0,0]}}
,"/Users/zhanglt21/Desktop/accrnew/accr-ui/apps/native-server/src/util/logger.ts": {"path":"/Users/zhanglt21/Desktop/accrnew/accr-ui/apps/native-server/src/util/logger.ts","statementMap":{"0":{"start":{"line":1,"column":0},"end":{"line":1,"column":25}},"1":{"start":{"line":2,"column":0},"end":{"line":2,"column":29}},"2":{"start":{"line":3,"column":0},"end":{"line":3,"column":33}},"3":{"start":{"line":6,"column":16},"end":{"line":6,"column":50}},"4":{"start":{"line":7,"column":17},"end":{"line":9,"column":null}},"5":{"start":{"line":12,"column":0},"end":{"line":18,"column":1}},"6":{"start":{"line":13,"column":2},"end":{"line":17,"column":3}},"7":{"start":{"line":14,"column":4},"end":{"line":14,"column":47}},"8":{"start":{"line":16,"column":4},"end":{"line":16,"column":47}},"9":{"start":{"line":22,"column":20},"end":{"line":22,"column":44}},"10":{"start":{"line":23,"column":21},"end":{"line":23,"column":61}},"11":{"start":{"line":26,"column":2},"end":{"line":30,"column":3}},"12":{"start":{"line":27,"column":4},"end":{"line":27,"column":44}},"13":{"start":{"line":29,"column":4},"end":{"line":29,"column":45}},"14":{"start":{"line":33,"column":2},"end":{"line":33,"column":27}},"15":{"start":{"line":37,"column":13},"end":{"line":42,"column":2}},"16":{"start":{"line":38,"column":30},"end":{"line":38,"column":56}},"17":{"start":{"line":39,"column":29},"end":{"line":39,"column":54}},"18":{"start":{"line":40,"column":29},"end":{"line":40,"column":54}},"19":{"start":{"line":41,"column":30},"end":{"line":41,"column":56}}},"fnMap":{"0":{"name":"writeLog","decl":{"start":{"line":21,"column":9},"end":{"line":21,"column":17}},"loc":{"start":{"line":21,"column":48},"end":{"line":34,"column":1}}},"1":{"name":"(anonymous_10)","decl":{"start":{"line":38,"column":9},"end":{"line":38,"column":10}},"loc":{"start":{"line":38,"column":30},"end":{"line":38,"column":56}}},"2":{"name":"(anonymous_11)","decl":{"start":{"line":39,"column":8},"end":{"line":39,"column":9}},"loc":{"start":{"line":39,"column":29},"end":{"line":39,"column":54}}},"3":{"name":"(anonymous_12)","decl":{"start":{"line":40,"column":8},"end":{"line":40,"column":9}},"loc":{"start":{"line":40,"column":29},"end":{"line":40,"column":54}}},"4":{"name":"(anonymous_13)","decl":{"start":{"line":41,"column":9},"end":{"line":41,"column":10}},"loc":{"start":{"line":41,"column":30},"end":{"line":41,"column":56}}}},"branchMap":{"0":{"loc":{"start":{"line":12,"column":0},"end":{"line":18,"column":1}},"type":"if","locations":[{"start":{"line":12,"column":0},"end":{"line":18,"column":1}},{"start":{},"end":{}}]}},"s":{"0":0,"1":0,"2":0,"3":0,"4":0,"5":0,"6":0,"7":0,"8":0,"9":0,"10":0,"11":0,"12":0,"13":0,"14":0,"15":0,"16":0,"17":0,"18":0,"19":0},"f":{"0":0,"1":0,"2":0,"3":0,"4":0},"b":{"0":[0,0]}}
}
